{"/Users/praveensingh/Downloads/MERN_INTERVIEW/backend/__tests__/utils/testDb.js": {"path":"/Users/praveensingh/Downloads/MERN_INTERVIEW/backend/__tests__/utils/testDb.js","statementMap":{"0":{"start":{"line":1,"column":17},"end":{"line":1,"column":36}},"1":{"start":{"line":2,"column":30},"end":{"line":2,"column":62}},"2":{"start":{"line":9,"column":22},"end":{"line":14,"column":1}},"3":{"start":{"line":10,"column":4},"end":{"line":10,"column":51}},"4":{"start":{"line":11,"column":21},"end":{"line":11,"column":41}},"5":{"start":{"line":13,"column":4},"end":{"line":13,"column":37}},"6":{"start":{"line":19,"column":20},"end":{"line":25,"column":1}},"7":{"start":{"line":20,"column":24},"end":{"line":20,"column":55}},"8":{"start":{"line":22,"column":4},"end":{"line":24,"column":5}},"9":{"start":{"line":23,"column":8},"end":{"line":23,"column":46}},"10":{"start":{"line":30,"column":20},"end":{"line":34,"column":1}},"11":{"start":{"line":31,"column":4},"end":{"line":31,"column":45}},"12":{"start":{"line":32,"column":4},"end":{"line":32,"column":38}},"13":{"start":{"line":33,"column":4},"end":{"line":33,"column":29}},"14":{"start":{"line":36,"column":0},"end":{"line":40,"column":2}}},"fnMap":{"0":{"name":"(anonymous_0)","decl":{"start":{"line":9,"column":22},"end":{"line":9,"column":23}},"loc":{"start":{"line":9,"column":34},"end":{"line":14,"column":1}},"line":9},"1":{"name":"(anonymous_1)","decl":{"start":{"line":19,"column":20},"end":{"line":19,"column":21}},"loc":{"start":{"line":19,"column":32},"end":{"line":25,"column":1}},"line":19},"2":{"name":"(anonymous_2)","decl":{"start":{"line":30,"column":20},"end":{"line":30,"column":21}},"loc":{"start":{"line":30,"column":32},"end":{"line":34,"column":1}},"line":30}},"branchMap":{},"s":{"0":1,"1":1,"2":1,"3":1,"4":1,"5":1,"6":1,"7":8,"8":8,"9":32,"10":1,"11":1,"12":1,"13":1,"14":1},"f":{"0":1,"1":8,"2":1},"b":{},"_coverageSchema":"1a1c01bbd47fc00a2c39e90264f33305004495a9","hash":"c822522f085aa60971656761b2cd2167bb6425cb"}
,"/Users/praveensingh/Downloads/MERN_INTERVIEW/backend/src/server.js": {"path":"/Users/praveensingh/Downloads/MERN_INTERVIEW/backend/src/server.js","statementMap":{"0":{"start":{"line":1,"column":0},"end":{"line":1,"column":27}},"1":{"start":{"line":2,"column":16},"end":{"line":2,"column":34}},"2":{"start":{"line":3,"column":13},"end":{"line":3,"column":28}},"3":{"start":{"line":4,"column":18},"end":{"line":4,"column":46}},"4":{"start":{"line":5,"column":19},"end":{"line":5,"column":49}},"5":{"start":{"line":6,"column":21},"end":{"line":6,"column":58}},"6":{"start":{"line":8,"column":12},"end":{"line":8,"column":21}},"7":{"start":{"line":11,"column":0},"end":{"line":13,"column":1}},"8":{"start":{"line":12,"column":4},"end":{"line":12,"column":16}},"9":{"start":{"line":16,"column":0},"end":{"line":16,"column":16}},"10":{"start":{"line":17,"column":0},"end":{"line":17,"column":24}},"11":{"start":{"line":18,"column":0},"end":{"line":18,"column":48}},"12":{"start":{"line":21,"column":0},"end":{"line":21,"column":33}},"13":{"start":{"line":22,"column":0},"end":{"line":22,"column":60}},"14":{"start":{"line":23,"column":0},"end":{"line":23,"column":60}},"15":{"start":{"line":24,"column":0},"end":{"line":24,"column":70}},"16":{"start":{"line":27,"column":0},"end":{"line":32,"column":3}},"17":{"start":{"line":28,"column":4},"end":{"line":31,"column":7}},"18":{"start":{"line":35,"column":0},"end":{"line":40,"column":3}},"19":{"start":{"line":36,"column":4},"end":{"line":39,"column":7}},"20":{"start":{"line":43,"column":0},"end":{"line":43,"column":22}},"21":{"start":{"line":46,"column":0},"end":{"line":52,"column":1}},"22":{"start":{"line":47,"column":17},"end":{"line":47,"column":41}},"23":{"start":{"line":48,"column":4},"end":{"line":51,"column":7}},"24":{"start":{"line":49,"column":8},"end":{"line":49,"column":57}},"25":{"start":{"line":50,"column":8},"end":{"line":50,"column":80}},"26":{"start":{"line":55,"column":0},"end":{"line":55,"column":21}}},"fnMap":{"0":{"name":"(anonymous_0)","decl":{"start":{"line":27,"column":19},"end":{"line":27,"column":20}},"loc":{"start":{"line":27,"column":33},"end":{"line":32,"column":1}},"line":27},"1":{"name":"(anonymous_1)","decl":{"start":{"line":35,"column":8},"end":{"line":35,"column":9}},"loc":{"start":{"line":35,"column":22},"end":{"line":40,"column":1}},"line":35},"2":{"name":"(anonymous_2)","decl":{"start":{"line":48,"column":21},"end":{"line":48,"column":22}},"loc":{"start":{"line":48,"column":27},"end":{"line":51,"column":5}},"line":48}},"branchMap":{"0":{"loc":{"start":{"line":11,"column":0},"end":{"line":13,"column":1}},"type":"if","locations":[{"start":{"line":11,"column":0},"end":{"line":13,"column":1}},{"start":{},"end":{}}],"line":11},"1":{"loc":{"start":{"line":46,"column":0},"end":{"line":52,"column":1}},"type":"if","locations":[{"start":{"line":46,"column":0},"end":{"line":52,"column":1}},{"start":{},"end":{}}],"line":46},"2":{"loc":{"start":{"line":47,"column":17},"end":{"line":47,"column":41}},"type":"binary-expr","locations":[{"start":{"line":47,"column":17},"end":{"line":47,"column":33}},{"start":{"line":47,"column":37},"end":{"line":47,"column":41}}],"line":47},"3":{"loc":{"start":{"line":50,"column":39},"end":{"line":50,"column":76}},"type":"binary-expr","locations":[{"start":{"line":50,"column":39},"end":{"line":50,"column":59}},{"start":{"line":50,"column":63},"end":{"line":50,"column":76}}],"line":50}},"s":{"0":1,"1":1,"2":1,"3":1,"4":1,"5":1,"6":1,"7":1,"8":0,"9":1,"10":1,"11":1,"12":1,"13":1,"14":1,"15":1,"16":1,"17":0,"18":1,"19":0,"20":1,"21":1,"22":0,"23":0,"24":0,"25":0,"26":1},"f":{"0":0,"1":0,"2":0},"b":{"0":[0,1],"1":[0,1],"2":[0,0],"3":[0,0]},"_coverageSchema":"1a1c01bbd47fc00a2c39e90264f33305004495a9","hash":"875e2ca42c910cb499f20aecde8f4287b70d79ba"}
,"/Users/praveensingh/Downloads/MERN_INTERVIEW/backend/src/config/database.js": {"path":"/Users/praveensingh/Downloads/MERN_INTERVIEW/backend/src/config/database.js","statementMap":{"0":{"start":{"line":1,"column":17},"end":{"line":1,"column":36}},"1":{"start":{"line":6,"column":18},"end":{"line":15,"column":1}},"2":{"start":{"line":7,"column":4},"end":{"line":14,"column":5}},"3":{"start":{"line":8,"column":21},"end":{"line":8,"column":68}},"4":{"start":{"line":10,"column":8},"end":{"line":10,"column":68}},"5":{"start":{"line":12,"column":8},"end":{"line":12,"column":68}},"6":{"start":{"line":13,"column":8},"end":{"line":13,"column":24}},"7":{"start":{"line":17,"column":0},"end":{"line":17,"column":27}}},"fnMap":{"0":{"name":"(anonymous_0)","decl":{"start":{"line":6,"column":18},"end":{"line":6,"column":19}},"loc":{"start":{"line":6,"column":30},"end":{"line":15,"column":1}},"line":6}},"branchMap":{},"s":{"0":1,"1":1,"2":0,"3":0,"4":0,"5":0,"6":0,"7":1},"f":{"0":0},"b":{},"_coverageSchema":"1a1c01bbd47fc00a2c39e90264f33305004495a9","hash":"3622b84d7757ff0ce59fe3788e127d49ce6f6b34"}
,"/Users/praveensingh/Downloads/MERN_INTERVIEW/backend/src/config/razorpay.js": {"path":"/Users/praveensingh/Downloads/MERN_INTERVIEW/backend/src/config/razorpay.js","statementMap":{"0":{"start":{"line":1,"column":17},"end":{"line":1,"column":36}},"1":{"start":{"line":5,"column":17},"end":{"line":8,"column":2}},"2":{"start":{"line":10,"column":0},"end":{"line":10,"column":26}}},"fnMap":{},"branchMap":{"0":{"loc":{"start":{"line":6,"column":12},"end":{"line":6,"column":59}},"type":"binary-expr","locations":[{"start":{"line":6,"column":12},"end":{"line":6,"column":39}},{"start":{"line":6,"column":43},"end":{"line":6,"column":59}}],"line":6},"1":{"loc":{"start":{"line":7,"column":16},"end":{"line":7,"column":65}},"type":"binary-expr","locations":[{"start":{"line":7,"column":16},"end":{"line":7,"column":47}},{"start":{"line":7,"column":51},"end":{"line":7,"column":65}}],"line":7}},"s":{"0":1,"1":1,"2":1},"f":{},"b":{"0":[1,1],"1":[1,1]},"_coverageSchema":"1a1c01bbd47fc00a2c39e90264f33305004495a9","hash":"df063f990ab96a75e4e732618cc551cd6ad197f8"}
,"/Users/praveensingh/Downloads/MERN_INTERVIEW/backend/src/controllers/authController.js": {"path":"/Users/praveensingh/Downloads/MERN_INTERVIEW/backend/src/controllers/authController.js","statementMap":{"0":{"start":{"line":1,"column":13},"end":{"line":1,"column":38}},"1":{"start":{"line":6,"column":17},"end":{"line":17,"column":1}},"2":{"start":{"line":7,"column":4},"end":{"line":16,"column":5}},"3":{"start":{"line":8,"column":22},"end":{"line":8,"column":60}},"4":{"start":{"line":9,"column":8},"end":{"line":13,"column":11}},"5":{"start":{"line":15,"column":8},"end":{"line":15,"column":20}},"6":{"start":{"line":22,"column":19},"end":{"line":38,"column":1}},"7":{"start":{"line":23,"column":4},"end":{"line":37,"column":5}},"8":{"start":{"line":24,"column":21},"end":{"line":24,"column":77}},"9":{"start":{"line":25,"column":8},"end":{"line":30,"column":9}},"10":{"start":{"line":26,"column":12},"end":{"line":29,"column":15}},"11":{"start":{"line":31,"column":8},"end":{"line":34,"column":11}},"12":{"start":{"line":36,"column":8},"end":{"line":36,"column":20}},"13":{"start":{"line":43,"column":15},"end":{"line":57,"column":1}},"14":{"start":{"line":44,"column":4},"end":{"line":56,"column":5}},"15":{"start":{"line":45,"column":28},"end":{"line":45,"column":62}},"16":{"start":{"line":46,"column":42},"end":{"line":46,"column":50}},"17":{"start":{"line":48,"column":23},"end":{"line":48,"column":70}},"18":{"start":{"line":50,"column":8},"end":{"line":53,"column":11}},"19":{"start":{"line":55,"column":8},"end":{"line":55,"column":20}},"20":{"start":{"line":62,"column":14},"end":{"line":76,"column":1}},"21":{"start":{"line":63,"column":4},"end":{"line":75,"column":5}},"22":{"start":{"line":64,"column":28},"end":{"line":64,"column":62}},"23":{"start":{"line":65,"column":36},"end":{"line":65,"column":44}},"24":{"start":{"line":67,"column":23},"end":{"line":67,"column":63}},"25":{"start":{"line":69,"column":8},"end":{"line":72,"column":11}},"26":{"start":{"line":74,"column":8},"end":{"line":74,"column":20}},"27":{"start":{"line":78,"column":0},"end":{"line":83,"column":2}}},"fnMap":{"0":{"name":"(anonymous_0)","decl":{"start":{"line":6,"column":17},"end":{"line":6,"column":18}},"loc":{"start":{"line":6,"column":43},"end":{"line":17,"column":1}},"line":6},"1":{"name":"(anonymous_1)","decl":{"start":{"line":22,"column":19},"end":{"line":22,"column":20}},"loc":{"start":{"line":22,"column":45},"end":{"line":38,"column":1}},"line":22},"2":{"name":"(anonymous_2)","decl":{"start":{"line":43,"column":15},"end":{"line":43,"column":16}},"loc":{"start":{"line":43,"column":41},"end":{"line":57,"column":1}},"line":43},"3":{"name":"(anonymous_3)","decl":{"start":{"line":62,"column":14},"end":{"line":62,"column":15}},"loc":{"start":{"line":62,"column":40},"end":{"line":76,"column":1}},"line":62}},"branchMap":{"0":{"loc":{"start":{"line":25,"column":8},"end":{"line":30,"column":9}},"type":"if","locations":[{"start":{"line":25,"column":8},"end":{"line":30,"column":9}},{"start":{},"end":{}}],"line":25}},"s":{"0":1,"1":1,"2":0,"3":0,"4":0,"5":0,"6":1,"7":0,"8":0,"9":0,"10":0,"11":0,"12":0,"13":1,"14":8,"15":8,"16":8,"17":8,"18":0,"19":8,"20":1,"21":0,"22":0,"23":0,"24":0,"25":0,"26":0,"27":1},"f":{"0":0,"1":0,"2":8,"3":0},"b":{"0":[0,0]},"_coverageSchema":"1a1c01bbd47fc00a2c39e90264f33305004495a9","hash":"865706324ab40e37461cad5f4372bcfdad2670bb"}
,"/Users/praveensingh/Downloads/MERN_INTERVIEW/backend/src/controllers/expenseController.js": {"path":"/Users/praveensingh/Downloads/MERN_INTERVIEW/backend/src/controllers/expenseController.js","statementMap":{"0":{"start":{"line":1,"column":23},"end":{"line":1,"column":60}},"1":{"start":{"line":9,"column":8},"end":{"line":19,"column":9}},"2":{"start":{"line":10,"column":28},"end":{"line":10,"column":72}},"3":{"start":{"line":12,"column":12},"end":{"line":16,"column":15}},"4":{"start":{"line":18,"column":12},"end":{"line":18,"column":24}},"5":{"start":{"line":27,"column":8},"end":{"line":38,"column":9}},"6":{"start":{"line":28,"column":28},"end":{"line":28,"column":37}},"7":{"start":{"line":29,"column":29},"end":{"line":29,"column":70}},"8":{"start":{"line":31,"column":12},"end":{"line":35,"column":15}},"9":{"start":{"line":37,"column":12},"end":{"line":37,"column":24}},"10":{"start":{"line":46,"column":8},"end":{"line":55,"column":9}},"11":{"start":{"line":47,"column":28},"end":{"line":47,"column":78}},"12":{"start":{"line":49,"column":12},"end":{"line":52,"column":15}},"13":{"start":{"line":54,"column":12},"end":{"line":54,"column":24}},"14":{"start":{"line":63,"column":8},"end":{"line":76,"column":9}},"15":{"start":{"line":64,"column":28},"end":{"line":67,"column":13}},"16":{"start":{"line":69,"column":12},"end":{"line":73,"column":15}},"17":{"start":{"line":75,"column":12},"end":{"line":75,"column":24}},"18":{"start":{"line":84,"column":8},"end":{"line":93,"column":9}},"19":{"start":{"line":85,"column":27},"end":{"line":85,"column":76}},"20":{"start":{"line":87,"column":12},"end":{"line":90,"column":15}},"21":{"start":{"line":92,"column":12},"end":{"line":92,"column":24}},"22":{"start":{"line":101,"column":8},"end":{"line":111,"column":9}},"23":{"start":{"line":102,"column":31},"end":{"line":102,"column":40}},"24":{"start":{"line":103,"column":29},"end":{"line":103,"column":69}},"25":{"start":{"line":105,"column":12},"end":{"line":108,"column":15}},"26":{"start":{"line":110,"column":12},"end":{"line":110,"column":24}},"27":{"start":{"line":115,"column":0},"end":{"line":115,"column":41}}},"fnMap":{"0":{"name":"(anonymous_0)","decl":{"start":{"line":8,"column":4},"end":{"line":8,"column":5}},"loc":{"start":{"line":8,"column":40},"end":{"line":20,"column":5}},"line":8},"1":{"name":"(anonymous_1)","decl":{"start":{"line":26,"column":4},"end":{"line":26,"column":5}},"loc":{"start":{"line":26,"column":38},"end":{"line":39,"column":5}},"line":26},"2":{"name":"(anonymous_2)","decl":{"start":{"line":45,"column":4},"end":{"line":45,"column":5}},"loc":{"start":{"line":45,"column":41},"end":{"line":56,"column":5}},"line":45},"3":{"name":"(anonymous_3)","decl":{"start":{"line":62,"column":4},"end":{"line":62,"column":5}},"loc":{"start":{"line":62,"column":40},"end":{"line":77,"column":5}},"line":62},"4":{"name":"(anonymous_4)","decl":{"start":{"line":83,"column":4},"end":{"line":83,"column":5}},"loc":{"start":{"line":83,"column":40},"end":{"line":94,"column":5}},"line":83},"5":{"name":"(anonymous_5)","decl":{"start":{"line":100,"column":4},"end":{"line":100,"column":5}},"loc":{"start":{"line":100,"column":38},"end":{"line":112,"column":5}},"line":100}},"branchMap":{},"s":{"0":1,"1":0,"2":0,"3":0,"4":0,"5":0,"6":0,"7":0,"8":0,"9":0,"10":0,"11":0,"12":0,"13":0,"14":0,"15":0,"16":0,"17":0,"18":0,"19":0,"20":0,"21":0,"22":0,"23":0,"24":0,"25":0,"26":0,"27":1},"f":{"0":0,"1":0,"2":0,"3":0,"4":0,"5":0},"b":{},"_coverageSchema":"1a1c01bbd47fc00a2c39e90264f33305004495a9","hash":"de00de613663aeb9393049fe9c39c0af9b170b7b"}
,"/Users/praveensingh/Downloads/MERN_INTERVIEW/backend/src/controllers/subscriptionController.js": {"path":"/Users/praveensingh/Downloads/MERN_INTERVIEW/backend/src/controllers/subscriptionController.js","statementMap":{"0":{"start":{"line":1,"column":28},"end":{"line":1,"column":70}},"1":{"start":{"line":6,"column":17},"end":{"line":17,"column":1}},"2":{"start":{"line":7,"column":4},"end":{"line":16,"column":5}},"3":{"start":{"line":8,"column":22},"end":{"line":8,"column":58}},"4":{"start":{"line":10,"column":8},"end":{"line":13,"column":11}},"5":{"start":{"line":15,"column":8},"end":{"line":15,"column":20}},"6":{"start":{"line":22,"column":27},"end":{"line":43,"column":1}},"7":{"start":{"line":23,"column":4},"end":{"line":42,"column":5}},"8":{"start":{"line":24,"column":27},"end":{"line":24,"column":35}},"9":{"start":{"line":26,"column":8},"end":{"line":31,"column":9}},"10":{"start":{"line":27,"column":12},"end":{"line":30,"column":15}},"11":{"start":{"line":33,"column":23},"end":{"line":33,"column":92}},"12":{"start":{"line":35,"column":8},"end":{"line":39,"column":11}},"13":{"start":{"line":41,"column":8},"end":{"line":41,"column":20}},"14":{"start":{"line":48,"column":22},"end":{"line":69,"column":1}},"15":{"start":{"line":49,"column":4},"end":{"line":68,"column":5}},"16":{"start":{"line":50,"column":26},"end":{"line":50,"column":61}},"17":{"start":{"line":51,"column":24},"end":{"line":51,"column":48}},"18":{"start":{"line":53,"column":8},"end":{"line":58,"column":9}},"19":{"start":{"line":54,"column":12},"end":{"line":57,"column":15}},"20":{"start":{"line":60,"column":23},"end":{"line":60,"column":82}},"21":{"start":{"line":62,"column":8},"end":{"line":65,"column":11}},"22":{"start":{"line":67,"column":8},"end":{"line":67,"column":20}},"23":{"start":{"line":74,"column":18},"end":{"line":85,"column":1}},"24":{"start":{"line":75,"column":4},"end":{"line":84,"column":5}},"25":{"start":{"line":76,"column":23},"end":{"line":76,"column":87}},"26":{"start":{"line":78,"column":8},"end":{"line":81,"column":11}},"27":{"start":{"line":83,"column":8},"end":{"line":83,"column":20}},"28":{"start":{"line":90,"column":27},"end":{"line":102,"column":1}},"29":{"start":{"line":91,"column":4},"end":{"line":101,"column":5}},"30":{"start":{"line":92,"column":29},"end":{"line":92,"column":90}},"31":{"start":{"line":94,"column":8},"end":{"line":98,"column":11}},"32":{"start":{"line":100,"column":8},"end":{"line":100,"column":20}},"33":{"start":{"line":107,"column":28},"end":{"line":128,"column":1}},"34":{"start":{"line":108,"column":4},"end":{"line":127,"column":5}},"35":{"start":{"line":109,"column":28},"end":{"line":109,"column":36}},"36":{"start":{"line":111,"column":8},"end":{"line":116,"column":9}},"37":{"start":{"line":112,"column":12},"end":{"line":115,"column":15}},"38":{"start":{"line":118,"column":23},"end":{"line":118,"column":94}},"39":{"start":{"line":120,"column":8},"end":{"line":124,"column":11}},"40":{"start":{"line":126,"column":8},"end":{"line":126,"column":20}},"41":{"start":{"line":130,"column":0},"end":{"line":137,"column":2}}},"fnMap":{"0":{"name":"(anonymous_0)","decl":{"start":{"line":6,"column":17},"end":{"line":6,"column":18}},"loc":{"start":{"line":6,"column":43},"end":{"line":17,"column":1}},"line":6},"1":{"name":"(anonymous_1)","decl":{"start":{"line":22,"column":27},"end":{"line":22,"column":28}},"loc":{"start":{"line":22,"column":53},"end":{"line":43,"column":1}},"line":22},"2":{"name":"(anonymous_2)","decl":{"start":{"line":48,"column":22},"end":{"line":48,"column":23}},"loc":{"start":{"line":48,"column":48},"end":{"line":69,"column":1}},"line":48},"3":{"name":"(anonymous_3)","decl":{"start":{"line":74,"column":18},"end":{"line":74,"column":19}},"loc":{"start":{"line":74,"column":44},"end":{"line":85,"column":1}},"line":74},"4":{"name":"(anonymous_4)","decl":{"start":{"line":90,"column":27},"end":{"line":90,"column":28}},"loc":{"start":{"line":90,"column":53},"end":{"line":102,"column":1}},"line":90},"5":{"name":"(anonymous_5)","decl":{"start":{"line":107,"column":28},"end":{"line":107,"column":29}},"loc":{"start":{"line":107,"column":54},"end":{"line":128,"column":1}},"line":107}},"branchMap":{"0":{"loc":{"start":{"line":26,"column":8},"end":{"line":31,"column":9}},"type":"if","locations":[{"start":{"line":26,"column":8},"end":{"line":31,"column":9}},{"start":{},"end":{}}],"line":26},"1":{"loc":{"start":{"line":53,"column":8},"end":{"line":58,"column":9}},"type":"if","locations":[{"start":{"line":53,"column":8},"end":{"line":58,"column":9}},{"start":{},"end":{}}],"line":53},"2":{"loc":{"start":{"line":111,"column":8},"end":{"line":116,"column":9}},"type":"if","locations":[{"start":{"line":111,"column":8},"end":{"line":116,"column":9}},{"start":{},"end":{}}],"line":111}},"s":{"0":1,"1":1,"2":0,"3":0,"4":0,"5":0,"6":1,"7":0,"8":0,"9":0,"10":0,"11":0,"12":0,"13":0,"14":1,"15":0,"16":0,"17":0,"18":0,"19":0,"20":0,"21":0,"22":0,"23":1,"24":0,"25":0,"26":0,"27":0,"28":1,"29":0,"30":0,"31":0,"32":0,"33":1,"34":0,"35":0,"36":0,"37":0,"38":0,"39":0,"40":0,"41":1},"f":{"0":0,"1":0,"2":0,"3":0,"4":0,"5":0},"b":{"0":[0,0],"1":[0,0],"2":[0,0]},"_coverageSchema":"1a1c01bbd47fc00a2c39e90264f33305004495a9","hash":"f071c329b196f5ad87c69d9e41e395dd4875cd7c"}
,"/Users/praveensingh/Downloads/MERN_INTERVIEW/backend/src/middlewares/auth.js": {"path":"/Users/praveensingh/Downloads/MERN_INTERVIEW/backend/src/middlewares/auth.js","statementMap":{"0":{"start":{"line":1,"column":20},"end":{"line":1,"column":54}},"1":{"start":{"line":7,"column":21},"end":{"line":45,"column":1}},"2":{"start":{"line":8,"column":4},"end":{"line":44,"column":5}},"3":{"start":{"line":10,"column":27},"end":{"line":10,"column":52}},"4":{"start":{"line":12,"column":8},"end":{"line":17,"column":9}},"5":{"start":{"line":13,"column":12},"end":{"line":16,"column":15}},"6":{"start":{"line":20,"column":22},"end":{"line":20,"column":46}},"7":{"start":{"line":22,"column":8},"end":{"line":27,"column":9}},"8":{"start":{"line":23,"column":12},"end":{"line":26,"column":15}},"9":{"start":{"line":30,"column":24},"end":{"line":30,"column":54}},"10":{"start":{"line":33,"column":8},"end":{"line":36,"column":10}},"11":{"start":{"line":38,"column":8},"end":{"line":38,"column":15}},"12":{"start":{"line":40,"column":8},"end":{"line":43,"column":11}},"13":{"start":{"line":47,"column":0},"end":{"line":47,"column":30}}},"fnMap":{"0":{"name":"(anonymous_0)","decl":{"start":{"line":7,"column":21},"end":{"line":7,"column":22}},"loc":{"start":{"line":7,"column":47},"end":{"line":45,"column":1}},"line":7}},"branchMap":{"0":{"loc":{"start":{"line":12,"column":8},"end":{"line":17,"column":9}},"type":"if","locations":[{"start":{"line":12,"column":8},"end":{"line":17,"column":9}},{"start":{},"end":{}}],"line":12},"1":{"loc":{"start":{"line":12,"column":12},"end":{"line":12,"column":60}},"type":"binary-expr","locations":[{"start":{"line":12,"column":12},"end":{"line":12,"column":23}},{"start":{"line":12,"column":27},"end":{"line":12,"column":60}}],"line":12},"2":{"loc":{"start":{"line":22,"column":8},"end":{"line":27,"column":9}},"type":"if","locations":[{"start":{"line":22,"column":8},"end":{"line":27,"column":9}},{"start":{},"end":{}}],"line":22},"3":{"loc":{"start":{"line":42,"column":21},"end":{"line":42,"column":64}},"type":"binary-expr","locations":[{"start":{"line":42,"column":21},"end":{"line":42,"column":34}},{"start":{"line":42,"column":38},"end":{"line":42,"column":64}}],"line":42}},"s":{"0":1,"1":1,"2":0,"3":0,"4":0,"5":0,"6":0,"7":0,"8":0,"9":0,"10":0,"11":0,"12":0,"13":1},"f":{"0":0},"b":{"0":[0,0],"1":[0,0],"2":[0,0],"3":[0,0]},"_coverageSchema":"1a1c01bbd47fc00a2c39e90264f33305004495a9","hash":"90af31494e90ef83d37ecc53488a1bc6aa8a021b"}
,"/Users/praveensingh/Downloads/MERN_INTERVIEW/backend/src/middlewares/errorHandler.js": {"path":"/Users/praveensingh/Downloads/MERN_INTERVIEW/backend/src/middlewares/errorHandler.js","statementMap":{"0":{"start":{"line":5,"column":21},"end":{"line":63,"column":1}},"1":{"start":{"line":6,"column":4},"end":{"line":6,"column":33}},"2":{"start":{"line":9,"column":4},"end":{"line":20,"column":5}},"3":{"start":{"line":10,"column":23},"end":{"line":13,"column":11}},"4":{"start":{"line":10,"column":65},"end":{"line":13,"column":9}},"5":{"start":{"line":15,"column":8},"end":{"line":19,"column":11}},"6":{"start":{"line":23,"column":4},"end":{"line":29,"column":5}},"7":{"start":{"line":24,"column":22},"end":{"line":24,"column":52}},"8":{"start":{"line":25,"column":8},"end":{"line":28,"column":11}},"9":{"start":{"line":32,"column":4},"end":{"line":37,"column":5}},"10":{"start":{"line":33,"column":8},"end":{"line":36,"column":11}},"11":{"start":{"line":40,"column":4},"end":{"line":45,"column":5}},"12":{"start":{"line":41,"column":8},"end":{"line":44,"column":11}},"13":{"start":{"line":47,"column":4},"end":{"line":52,"column":5}},"14":{"start":{"line":48,"column":8},"end":{"line":51,"column":11}},"15":{"start":{"line":55,"column":23},"end":{"line":55,"column":44}},"16":{"start":{"line":56,"column":20},"end":{"line":56,"column":58}},"17":{"start":{"line":58,"column":4},"end":{"line":62,"column":7}},"18":{"start":{"line":65,"column":0},"end":{"line":65,"column":30}}},"fnMap":{"0":{"name":"(anonymous_0)","decl":{"start":{"line":5,"column":21},"end":{"line":5,"column":22}},"loc":{"start":{"line":5,"column":46},"end":{"line":63,"column":1}},"line":5},"1":{"name":"(anonymous_1)","decl":{"start":{"line":10,"column":53},"end":{"line":10,"column":54}},"loc":{"start":{"line":10,"column":65},"end":{"line":13,"column":9}},"line":10}},"branchMap":{"0":{"loc":{"start":{"line":9,"column":4},"end":{"line":20,"column":5}},"type":"if","locations":[{"start":{"line":9,"column":4},"end":{"line":20,"column":5}},{"start":{},"end":{}}],"line":9},"1":{"loc":{"start":{"line":23,"column":4},"end":{"line":29,"column":5}},"type":"if","locations":[{"start":{"line":23,"column":4},"end":{"line":29,"column":5}},{"start":{},"end":{}}],"line":23},"2":{"loc":{"start":{"line":32,"column":4},"end":{"line":37,"column":5}},"type":"if","locations":[{"start":{"line":32,"column":4},"end":{"line":37,"column":5}},{"start":{},"end":{}}],"line":32},"3":{"loc":{"start":{"line":40,"column":4},"end":{"line":45,"column":5}},"type":"if","locations":[{"start":{"line":40,"column":4},"end":{"line":45,"column":5}},{"start":{},"end":{}}],"line":40},"4":{"loc":{"start":{"line":47,"column":4},"end":{"line":52,"column":5}},"type":"if","locations":[{"start":{"line":47,"column":4},"end":{"line":52,"column":5}},{"start":{},"end":{}}],"line":47},"5":{"loc":{"start":{"line":55,"column":23},"end":{"line":55,"column":44}},"type":"binary-expr","locations":[{"start":{"line":55,"column":23},"end":{"line":55,"column":37}},{"start":{"line":55,"column":41},"end":{"line":55,"column":44}}],"line":55},"6":{"loc":{"start":{"line":56,"column":20},"end":{"line":56,"column":58}},"type":"binary-expr","locations":[{"start":{"line":56,"column":20},"end":{"line":56,"column":31}},{"start":{"line":56,"column":35},"end":{"line":56,"column":58}}],"line":56},"7":{"loc":{"start":{"line":61,"column":12},"end":{"line":61,"column":74}},"type":"binary-expr","locations":[{"start":{"line":61,"column":12},"end":{"line":61,"column":50}},{"start":{"line":61,"column":54},"end":{"line":61,"column":74}}],"line":61}},"s":{"0":1,"1":8,"2":8,"3":8,"4":24,"5":8,"6":0,"7":0,"8":0,"9":0,"10":0,"11":0,"12":0,"13":0,"14":0,"15":0,"16":0,"17":0,"18":1},"f":{"0":8,"1":24},"b":{"0":[8,0],"1":[0,0],"2":[0,0],"3":[0,0],"4":[0,0],"5":[0,0],"6":[0,0],"7":[0,0]},"_coverageSchema":"1a1c01bbd47fc00a2c39e90264f33305004495a9","hash":"acd8b6d07d9930c37b354146ba25afefce1a6e3e"}
,"/Users/praveensingh/Downloads/MERN_INTERVIEW/backend/src/middlewares/validate.js": {"path":"/Users/praveensingh/Downloads/MERN_INTERVIEW/backend/src/middlewares/validate.js","statementMap":{"0":{"start":{"line":6,"column":17},"end":{"line":38,"column":1}},"1":{"start":{"line":7,"column":4},"end":{"line":37,"column":6}},"2":{"start":{"line":8,"column":8},"end":{"line":36,"column":9}},"3":{"start":{"line":10,"column":34},"end":{"line":10,"column":67}},"4":{"start":{"line":13,"column":12},"end":{"line":13,"column":37}},"5":{"start":{"line":15,"column":12},"end":{"line":15,"column":19}},"6":{"start":{"line":18,"column":12},"end":{"line":29,"column":13}},"7":{"start":{"line":19,"column":41},"end":{"line":22,"column":19}},"8":{"start":{"line":19,"column":68},"end":{"line":22,"column":17}},"9":{"start":{"line":24,"column":16},"end":{"line":28,"column":19}},"10":{"start":{"line":32,"column":12},"end":{"line":35,"column":15}},"11":{"start":{"line":40,"column":0},"end":{"line":40,"column":26}}},"fnMap":{"0":{"name":"(anonymous_0)","decl":{"start":{"line":6,"column":17},"end":{"line":6,"column":18}},"loc":{"start":{"line":6,"column":29},"end":{"line":38,"column":1}},"line":6},"1":{"name":"(anonymous_1)","decl":{"start":{"line":7,"column":11},"end":{"line":7,"column":12}},"loc":{"start":{"line":7,"column":37},"end":{"line":37,"column":5}},"line":7},"2":{"name":"(anonymous_2)","decl":{"start":{"line":19,"column":58},"end":{"line":19,"column":59}},"loc":{"start":{"line":19,"column":68},"end":{"line":22,"column":17}},"line":19}},"branchMap":{"0":{"loc":{"start":{"line":18,"column":12},"end":{"line":29,"column":13}},"type":"if","locations":[{"start":{"line":18,"column":12},"end":{"line":29,"column":13}},{"start":{},"end":{}}],"line":18}},"s":{"0":1,"1":4,"2":8,"3":8,"4":8,"5":8,"6":0,"7":0,"8":0,"9":0,"10":0,"11":1},"f":{"0":4,"1":8,"2":0},"b":{"0":[0,0]},"_coverageSchema":"1a1c01bbd47fc00a2c39e90264f33305004495a9","hash":"1235e698d170af76b325b0985de9dcec0c0cf663"}
,"/Users/praveensingh/Downloads/MERN_INTERVIEW/backend/src/middlewares/validateQuery.js": {"path":"/Users/praveensingh/Downloads/MERN_INTERVIEW/backend/src/middlewares/validateQuery.js","statementMap":{"0":{"start":{"line":7,"column":22},"end":{"line":39,"column":1}},"1":{"start":{"line":8,"column":4},"end":{"line":38,"column":6}},"2":{"start":{"line":9,"column":8},"end":{"line":37,"column":9}},"3":{"start":{"line":11,"column":34},"end":{"line":11,"column":68}},"4":{"start":{"line":14,"column":12},"end":{"line":14,"column":38}},"5":{"start":{"line":16,"column":12},"end":{"line":16,"column":19}},"6":{"start":{"line":19,"column":12},"end":{"line":30,"column":13}},"7":{"start":{"line":20,"column":41},"end":{"line":23,"column":19}},"8":{"start":{"line":20,"column":68},"end":{"line":23,"column":17}},"9":{"start":{"line":25,"column":16},"end":{"line":29,"column":19}},"10":{"start":{"line":33,"column":12},"end":{"line":36,"column":15}},"11":{"start":{"line":41,"column":0},"end":{"line":41,"column":31}}},"fnMap":{"0":{"name":"(anonymous_0)","decl":{"start":{"line":7,"column":22},"end":{"line":7,"column":23}},"loc":{"start":{"line":7,"column":34},"end":{"line":39,"column":1}},"line":7},"1":{"name":"(anonymous_1)","decl":{"start":{"line":8,"column":11},"end":{"line":8,"column":12}},"loc":{"start":{"line":8,"column":37},"end":{"line":38,"column":5}},"line":8},"2":{"name":"(anonymous_2)","decl":{"start":{"line":20,"column":58},"end":{"line":20,"column":59}},"loc":{"start":{"line":20,"column":68},"end":{"line":23,"column":17}},"line":20}},"branchMap":{"0":{"loc":{"start":{"line":19,"column":12},"end":{"line":30,"column":13}},"type":"if","locations":[{"start":{"line":19,"column":12},"end":{"line":30,"column":13}},{"start":{},"end":{}}],"line":19}},"s":{"0":1,"1":2,"2":0,"3":0,"4":0,"5":0,"6":0,"7":0,"8":0,"9":0,"10":0,"11":1},"f":{"0":2,"1":0,"2":0},"b":{"0":[0,0]},"_coverageSchema":"1a1c01bbd47fc00a2c39e90264f33305004495a9","hash":"2f2337464e3b513bebc616e60bdbb4c76e968ed7"}
,"/Users/praveensingh/Downloads/MERN_INTERVIEW/backend/src/models/Expense.js": {"path":"/Users/praveensingh/Downloads/MERN_INTERVIEW/backend/src/models/Expense.js","statementMap":{"0":{"start":{"line":1,"column":17},"end":{"line":1,"column":36}},"1":{"start":{"line":3,"column":22},"end":{"line":88,"column":1}},"2":{"start":{"line":19,"column":20},"end":{"line":19,"column":70}},"3":{"start":{"line":39,"column":20},"end":{"line":39,"column":53}},"4":{"start":{"line":71,"column":20},"end":{"line":71,"column":53}},"5":{"start":{"line":91,"column":0},"end":{"line":91,"column":49}},"6":{"start":{"line":92,"column":0},"end":{"line":92,"column":55}},"7":{"start":{"line":93,"column":0},"end":{"line":93,"column":34}},"8":{"start":{"line":96,"column":0},"end":{"line":106,"column":3}},"9":{"start":{"line":97,"column":33},"end":{"line":99,"column":5}},"10":{"start":{"line":98,"column":27},"end":{"line":98,"column":78}},"11":{"start":{"line":101,"column":4},"end":{"line":103,"column":5}},"12":{"start":{"line":102,"column":8},"end":{"line":102,"column":73}},"13":{"start":{"line":105,"column":4},"end":{"line":105,"column":11}},"14":{"start":{"line":109,"column":0},"end":{"line":131,"column":3}},"15":{"start":{"line":110,"column":27},"end":{"line":110,"column":71}},"16":{"start":{"line":110,"column":57},"end":{"line":110,"column":70}},"17":{"start":{"line":111,"column":25},"end":{"line":111,"column":82}},"18":{"start":{"line":111,"column":58},"end":{"line":111,"column":81}},"19":{"start":{"line":113,"column":30},"end":{"line":115,"column":5}},"20":{"start":{"line":114,"column":8},"end":{"line":114,"column":39}},"21":{"start":{"line":117,"column":4},"end":{"line":119,"column":5}},"22":{"start":{"line":118,"column":8},"end":{"line":118,"column":81}},"23":{"start":{"line":122,"column":37},"end":{"line":124,"column":5}},"24":{"start":{"line":123,"column":8},"end":{"line":123,"column":37}},"25":{"start":{"line":126,"column":4},"end":{"line":128,"column":5}},"26":{"start":{"line":127,"column":8},"end":{"line":127,"column":75}},"27":{"start":{"line":130,"column":4},"end":{"line":130,"column":11}},"28":{"start":{"line":134,"column":0},"end":{"line":151,"column":3}},"29":{"start":{"line":135,"column":23},"end":{"line":138,"column":5}},"30":{"start":{"line":136,"column":24},"end":{"line":136,"column":42}},"31":{"start":{"line":141,"column":23},"end":{"line":141,"column":57}},"32":{"start":{"line":142,"column":4},"end":{"line":148,"column":5}},"33":{"start":{"line":143,"column":8},"end":{"line":147,"column":10}},"34":{"start":{"line":150,"column":4},"end":{"line":150,"column":11}},"35":{"start":{"line":154,"column":0},"end":{"line":158,"column":3}},"36":{"start":{"line":156,"column":4},"end":{"line":156,"column":37}},"37":{"start":{"line":157,"column":4},"end":{"line":157,"column":11}},"38":{"start":{"line":160,"column":0},"end":{"line":160,"column":58}}},"fnMap":{"0":{"name":"(anonymous_0)","decl":{"start":{"line":17,"column":27},"end":{"line":17,"column":28}},"loc":{"start":{"line":17,"column":44},"end":{"line":20,"column":17}},"line":17},"1":{"name":"(anonymous_1)","decl":{"start":{"line":38,"column":27},"end":{"line":38,"column":28}},"loc":{"start":{"line":38,"column":44},"end":{"line":40,"column":17}},"line":38},"2":{"name":"(anonymous_2)","decl":{"start":{"line":70,"column":27},"end":{"line":70,"column":28}},"loc":{"start":{"line":70,"column":44},"end":{"line":72,"column":17}},"line":70},"3":{"name":"(anonymous_3)","decl":{"start":{"line":96,"column":26},"end":{"line":96,"column":27}},"loc":{"start":{"line":96,"column":42},"end":{"line":106,"column":1}},"line":96},"4":{"name":"(anonymous_4)","decl":{"start":{"line":98,"column":8},"end":{"line":98,"column":9}},"loc":{"start":{"line":98,"column":27},"end":{"line":98,"column":78}},"line":98},"5":{"name":"(anonymous_5)","decl":{"start":{"line":109,"column":26},"end":{"line":109,"column":27}},"loc":{"start":{"line":109,"column":42},"end":{"line":131,"column":1}},"line":109},"6":{"name":"(anonymous_6)","decl":{"start":{"line":110,"column":49},"end":{"line":110,"column":50}},"loc":{"start":{"line":110,"column":57},"end":{"line":110,"column":70}},"line":110},"7":{"name":"(anonymous_7)","decl":{"start":{"line":111,"column":47},"end":{"line":111,"column":48}},"loc":{"start":{"line":111,"column":58},"end":{"line":111,"column":81}},"line":111},"8":{"name":"(anonymous_8)","decl":{"start":{"line":113,"column":49},"end":{"line":113,"column":50}},"loc":{"start":{"line":114,"column":8},"end":{"line":114,"column":39}},"line":114},"9":{"name":"(anonymous_9)","decl":{"start":{"line":122,"column":58},"end":{"line":122,"column":59}},"loc":{"start":{"line":123,"column":8},"end":{"line":123,"column":37}},"line":123},"10":{"name":"(anonymous_10)","decl":{"start":{"line":134,"column":26},"end":{"line":134,"column":27}},"loc":{"start":{"line":134,"column":42},"end":{"line":151,"column":1}},"line":134},"11":{"name":"(anonymous_11)","decl":{"start":{"line":136,"column":8},"end":{"line":136,"column":9}},"loc":{"start":{"line":136,"column":24},"end":{"line":136,"column":42}},"line":136},"12":{"name":"(anonymous_12)","decl":{"start":{"line":154,"column":27},"end":{"line":154,"column":28}},"loc":{"start":{"line":154,"column":43},"end":{"line":158,"column":1}},"line":154}},"branchMap":{"0":{"loc":{"start":{"line":39,"column":27},"end":{"line":39,"column":52}},"type":"binary-expr","locations":[{"start":{"line":39,"column":27},"end":{"line":39,"column":32}},{"start":{"line":39,"column":36},"end":{"line":39,"column":52}}],"line":39},"1":{"loc":{"start":{"line":71,"column":27},"end":{"line":71,"column":52}},"type":"binary-expr","locations":[{"start":{"line":71,"column":27},"end":{"line":71,"column":32}},{"start":{"line":71,"column":36},"end":{"line":71,"column":52}}],"line":71},"2":{"loc":{"start":{"line":101,"column":4},"end":{"line":103,"column":5}},"type":"if","locations":[{"start":{"line":101,"column":4},"end":{"line":103,"column":5}},{"start":{},"end":{}}],"line":101},"3":{"loc":{"start":{"line":117,"column":4},"end":{"line":119,"column":5}},"type":"if","locations":[{"start":{"line":117,"column":4},"end":{"line":119,"column":5}},{"start":{},"end":{}}],"line":117},"4":{"loc":{"start":{"line":126,"column":4},"end":{"line":128,"column":5}},"type":"if","locations":[{"start":{"line":126,"column":4},"end":{"line":128,"column":5}},{"start":{},"end":{}}],"line":126},"5":{"loc":{"start":{"line":142,"column":4},"end":{"line":148,"column":5}},"type":"if","locations":[{"start":{"line":142,"column":4},"end":{"line":148,"column":5}},{"start":{},"end":{}}],"line":142}},"s":{"0":1,"1":1,"2":0,"3":0,"4":0,"5":1,"6":1,"7":1,"8":1,"9":0,"10":0,"11":0,"12":0,"13":0,"14":1,"15":0,"16":0,"17":0,"18":0,"19":0,"20":0,"21":0,"22":0,"23":0,"24":0,"25":0,"26":0,"27":0,"28":1,"29":0,"30":0,"31":0,"32":0,"33":0,"34":0,"35":1,"36":0,"37":0,"38":1},"f":{"0":0,"1":0,"2":0,"3":0,"4":0,"5":0,"6":0,"7":0,"8":0,"9":0,"10":0,"11":0,"12":0},"b":{"0":[0,0],"1":[0,0],"2":[0,0],"3":[0,0],"4":[0,0],"5":[0,0]},"_coverageSchema":"1a1c01bbd47fc00a2c39e90264f33305004495a9","hash":"419ce101c1c19ffb67dd49d65544f0f260b2b98a"}
,"/Users/praveensingh/Downloads/MERN_INTERVIEW/backend/src/models/Subscription.js": {"path":"/Users/praveensingh/Downloads/MERN_INTERVIEW/backend/src/models/Subscription.js","statementMap":{"0":{"start":{"line":1,"column":17},"end":{"line":1,"column":36}},"1":{"start":{"line":3,"column":27},"end":{"line":53,"column":1}},"2":{"start":{"line":56,"column":0},"end":{"line":56,"column":51}},"3":{"start":{"line":57,"column":0},"end":{"line":57,"column":56}},"4":{"start":{"line":60,"column":0},"end":{"line":66,"column":2}},"5":{"start":{"line":61,"column":4},"end":{"line":61,"column":47}},"6":{"start":{"line":61,"column":35},"end":{"line":61,"column":47}},"7":{"start":{"line":62,"column":4},"end":{"line":64,"column":5}},"8":{"start":{"line":63,"column":8},"end":{"line":63,"column":20}},"9":{"start":{"line":65,"column":4},"end":{"line":65,"column":17}},"10":{"start":{"line":69,"column":0},"end":{"line":71,"column":2}},"11":{"start":{"line":70,"column":4},"end":{"line":70,"column":57}},"12":{"start":{"line":73,"column":0},"end":{"line":73,"column":68}}},"fnMap":{"0":{"name":"(anonymous_0)","decl":{"start":{"line":60,"column":39},"end":{"line":60,"column":40}},"loc":{"start":{"line":60,"column":51},"end":{"line":66,"column":1}},"line":60},"1":{"name":"(anonymous_1)","decl":{"start":{"line":69,"column":38},"end":{"line":69,"column":39}},"loc":{"start":{"line":69,"column":50},"end":{"line":71,"column":1}},"line":69}},"branchMap":{"0":{"loc":{"start":{"line":61,"column":4},"end":{"line":61,"column":47}},"type":"if","locations":[{"start":{"line":61,"column":4},"end":{"line":61,"column":47}},{"start":{},"end":{}}],"line":61},"1":{"loc":{"start":{"line":62,"column":4},"end":{"line":64,"column":5}},"type":"if","locations":[{"start":{"line":62,"column":4},"end":{"line":64,"column":5}},{"start":{},"end":{}}],"line":62},"2":{"loc":{"start":{"line":62,"column":8},"end":{"line":62,"column":49}},"type":"binary-expr","locations":[{"start":{"line":62,"column":8},"end":{"line":62,"column":20}},{"start":{"line":62,"column":24},"end":{"line":62,"column":49}}],"line":62},"3":{"loc":{"start":{"line":70,"column":11},"end":{"line":70,"column":56}},"type":"binary-expr","locations":[{"start":{"line":70,"column":11},"end":{"line":70,"column":35}},{"start":{"line":70,"column":39},"end":{"line":70,"column":56}}],"line":70}},"s":{"0":1,"1":1,"2":1,"3":1,"4":1,"5":0,"6":0,"7":0,"8":0,"9":0,"10":1,"11":0,"12":1},"f":{"0":0,"1":0},"b":{"0":[0,0],"1":[0,0],"2":[0,0],"3":[0,0]},"_coverageSchema":"1a1c01bbd47fc00a2c39e90264f33305004495a9","hash":"e896d2fdee6e6196ac6ee9f1d1e80074c6caf92e"}
,"/Users/praveensingh/Downloads/MERN_INTERVIEW/backend/src/models/User.js": {"path":"/Users/praveensingh/Downloads/MERN_INTERVIEW/backend/src/models/User.js","statementMap":{"0":{"start":{"line":1,"column":17},"end":{"line":1,"column":36}},"1":{"start":{"line":2,"column":15},"end":{"line":2,"column":32}},"2":{"start":{"line":4,"column":19},"end":{"line":43,"column":1}},"3":{"start":{"line":46,"column":0},"end":{"line":49,"column":3}},"4":{"start":{"line":47,"column":4},"end":{"line":47,"column":44}},"5":{"start":{"line":47,"column":30},"end":{"line":47,"column":44}},"6":{"start":{"line":48,"column":4},"end":{"line":48,"column":51}},"7":{"start":{"line":52,"column":0},"end":{"line":65,"column":3}},"8":{"start":{"line":54,"column":4},"end":{"line":56,"column":5}},"9":{"start":{"line":55,"column":8},"end":{"line":55,"column":22}},"10":{"start":{"line":58,"column":4},"end":{"line":64,"column":5}},"11":{"start":{"line":59,"column":21},"end":{"line":59,"column":45}},"12":{"start":{"line":60,"column":8},"end":{"line":60,"column":63}},"13":{"start":{"line":61,"column":8},"end":{"line":61,"column":15}},"14":{"start":{"line":63,"column":8},"end":{"line":63,"column":20}},"15":{"start":{"line":68,"column":0},"end":{"line":74,"column":2}},"16":{"start":{"line":69,"column":4},"end":{"line":73,"column":5}},"17":{"start":{"line":70,"column":8},"end":{"line":70,"column":70}},"18":{"start":{"line":72,"column":8},"end":{"line":72,"column":54}},"19":{"start":{"line":77,"column":0},"end":{"line":81,"column":2}},"20":{"start":{"line":78,"column":23},"end":{"line":78,"column":38}},"21":{"start":{"line":79,"column":4},"end":{"line":79,"column":31}},"22":{"start":{"line":80,"column":4},"end":{"line":80,"column":22}},"23":{"start":{"line":83,"column":0},"end":{"line":83,"column":52}}},"fnMap":{"0":{"name":"(anonymous_0)","decl":{"start":{"line":46,"column":45},"end":{"line":46,"column":46}},"loc":{"start":{"line":46,"column":57},"end":{"line":49,"column":1}},"line":46},"1":{"name":"(anonymous_1)","decl":{"start":{"line":52,"column":23},"end":{"line":52,"column":24}},"loc":{"start":{"line":52,"column":45},"end":{"line":65,"column":1}},"line":52},"2":{"name":"(anonymous_2)","decl":{"start":{"line":68,"column":37},"end":{"line":68,"column":38}},"loc":{"start":{"line":68,"column":72},"end":{"line":74,"column":1}},"line":68},"3":{"name":"(anonymous_3)","decl":{"start":{"line":77,"column":28},"end":{"line":77,"column":29}},"loc":{"start":{"line":77,"column":40},"end":{"line":81,"column":1}},"line":77}},"branchMap":{"0":{"loc":{"start":{"line":47,"column":4},"end":{"line":47,"column":44}},"type":"if","locations":[{"start":{"line":47,"column":4},"end":{"line":47,"column":44}},{"start":{},"end":{}}],"line":47},"1":{"loc":{"start":{"line":48,"column":11},"end":{"line":48,"column":50}},"type":"binary-expr","locations":[{"start":{"line":48,"column":11},"end":{"line":48,"column":37}},{"start":{"line":48,"column":41},"end":{"line":48,"column":50}}],"line":48},"2":{"loc":{"start":{"line":54,"column":4},"end":{"line":56,"column":5}},"type":"if","locations":[{"start":{"line":54,"column":4},"end":{"line":56,"column":5}},{"start":{},"end":{}}],"line":54}},"s":{"0":1,"1":1,"2":1,"3":1,"4":0,"5":0,"6":0,"7":1,"8":0,"9":0,"10":0,"11":0,"12":0,"13":0,"14":0,"15":1,"16":0,"17":0,"18":0,"19":1,"20":0,"21":0,"22":0,"23":1},"f":{"0":0,"1":0,"2":0,"3":0},"b":{"0":[0,0],"1":[0,0],"2":[0,0]},"_coverageSchema":"1a1c01bbd47fc00a2c39e90264f33305004495a9","hash":"dfcbb66b5b1999d4907bd52bf6f5cb22ff03c773"}
,"/Users/praveensingh/Downloads/MERN_INTERVIEW/backend/src/models/WebhookEvent.js": {"path":"/Users/praveensingh/Downloads/MERN_INTERVIEW/backend/src/models/WebhookEvent.js","statementMap":{"0":{"start":{"line":1,"column":17},"end":{"line":1,"column":36}},"1":{"start":{"line":3,"column":27},"end":{"line":37,"column":1}},"2":{"start":{"line":40,"column":0},"end":{"line":40,"column":76}},"3":{"start":{"line":42,"column":0},"end":{"line":42,"column":68}}},"fnMap":{},"branchMap":{},"s":{"0":1,"1":1,"2":1,"3":1},"f":{},"b":{},"_coverageSchema":"1a1c01bbd47fc00a2c39e90264f33305004495a9","hash":"19ba4391ba2a11c8e2640d9fc86d8f1d8fee250c"}
,"/Users/praveensingh/Downloads/MERN_INTERVIEW/backend/src/routes/authRoutes.js": {"path":"/Users/praveensingh/Downloads/MERN_INTERVIEW/backend/src/routes/authRoutes.js","statementMap":{"0":{"start":{"line":1,"column":16},"end":{"line":1,"column":34}},"1":{"start":{"line":2,"column":23},"end":{"line":2,"column":63}},"2":{"start":{"line":3,"column":17},"end":{"line":3,"column":51}},"3":{"start":{"line":4,"column":21},"end":{"line":4,"column":51}},"4":{"start":{"line":5,"column":38},"end":{"line":5,"column":68}},"5":{"start":{"line":7,"column":15},"end":{"line":7,"column":31}},"6":{"start":{"line":14,"column":0},"end":{"line":18,"column":2}},"7":{"start":{"line":25,"column":0},"end":{"line":29,"column":2}},"8":{"start":{"line":36,"column":0},"end":{"line":40,"column":2}},"9":{"start":{"line":47,"column":0},"end":{"line":51,"column":2}},"10":{"start":{"line":53,"column":0},"end":{"line":53,"column":24}}},"fnMap":{},"branchMap":{},"s":{"0":1,"1":1,"2":1,"3":1,"4":1,"5":1,"6":1,"7":1,"8":1,"9":1,"10":1},"f":{},"b":{},"_coverageSchema":"1a1c01bbd47fc00a2c39e90264f33305004495a9","hash":"02c7b1e43763a10594080d33fd636a2ff0c391af"}
,"/Users/praveensingh/Downloads/MERN_INTERVIEW/backend/src/routes/balanceRoutes.js": {"path":"/Users/praveensingh/Downloads/MERN_INTERVIEW/backend/src/routes/balanceRoutes.js","statementMap":{"0":{"start":{"line":1,"column":16},"end":{"line":1,"column":34}},"1":{"start":{"line":2,"column":26},"end":{"line":2,"column":69}},"2":{"start":{"line":3,"column":22},"end":{"line":3,"column":61}},"3":{"start":{"line":4,"column":21},"end":{"line":4,"column":51}},"4":{"start":{"line":5,"column":35},"end":{"line":5,"column":72}},"5":{"start":{"line":7,"column":15},"end":{"line":7,"column":31}},"6":{"start":{"line":10,"column":0},"end":{"line":10,"column":25}},"7":{"start":{"line":17,"column":0},"end":{"line":21,"column":2}},"8":{"start":{"line":23,"column":0},"end":{"line":23,"column":24}}},"fnMap":{},"branchMap":{},"s":{"0":1,"1":1,"2":1,"3":1,"4":1,"5":1,"6":1,"7":1,"8":1},"f":{},"b":{},"_coverageSchema":"1a1c01bbd47fc00a2c39e90264f33305004495a9","hash":"3585770962bc87fa844b33fc20202366c06f4b36"}
,"/Users/praveensingh/Downloads/MERN_INTERVIEW/backend/src/routes/expenseRoutes.js": {"path":"/Users/praveensingh/Downloads/MERN_INTERVIEW/backend/src/routes/expenseRoutes.js","statementMap":{"0":{"start":{"line":1,"column":16},"end":{"line":1,"column":34}},"1":{"start":{"line":2,"column":26},"end":{"line":2,"column":69}},"2":{"start":{"line":3,"column":17},"end":{"line":3,"column":51}},"3":{"start":{"line":4,"column":22},"end":{"line":4,"column":61}},"4":{"start":{"line":5,"column":21},"end":{"line":5,"column":51}},"5":{"start":{"line":11,"column":4},"end":{"line":11,"column":41}},"6":{"start":{"line":13,"column":15},"end":{"line":13,"column":31}},"7":{"start":{"line":16,"column":0},"end":{"line":16,"column":25}},"8":{"start":{"line":23,"column":0},"end":{"line":27,"column":2}},"9":{"start":{"line":34,"column":0},"end":{"line":38,"column":2}},"10":{"start":{"line":45,"column":0},"end":{"line":48,"column":2}},"11":{"start":{"line":55,"column":0},"end":{"line":59,"column":2}},"12":{"start":{"line":66,"column":0},"end":{"line":69,"column":2}},"13":{"start":{"line":71,"column":0},"end":{"line":71,"column":24}}},"fnMap":{},"branchMap":{},"s":{"0":1,"1":1,"2":1,"3":1,"4":1,"5":1,"6":1,"7":1,"8":1,"9":1,"10":1,"11":1,"12":1,"13":1},"f":{},"b":{},"_coverageSchema":"1a1c01bbd47fc00a2c39e90264f33305004495a9","hash":"93adb9a5e428de599fef1fd7586bffb0a7a21eba"}
,"/Users/praveensingh/Downloads/MERN_INTERVIEW/backend/src/routes/subscriptionRoutes.js": {"path":"/Users/praveensingh/Downloads/MERN_INTERVIEW/backend/src/routes/subscriptionRoutes.js","statementMap":{"0":{"start":{"line":1,"column":16},"end":{"line":1,"column":34}},"1":{"start":{"line":2,"column":31},"end":{"line":2,"column":79}},"2":{"start":{"line":3,"column":21},"end":{"line":3,"column":51}},"3":{"start":{"line":5,"column":15},"end":{"line":5,"column":31}},"4":{"start":{"line":12,"column":0},"end":{"line":12,"column":54}},"5":{"start":{"line":19,"column":0},"end":{"line":19,"column":80}},"6":{"start":{"line":26,"column":0},"end":{"line":26,"column":62}},"7":{"start":{"line":33,"column":0},"end":{"line":33,"column":70}},"8":{"start":{"line":40,"column":0},"end":{"line":40,"column":80}},"9":{"start":{"line":47,"column":0},"end":{"line":47,"column":82}},"10":{"start":{"line":49,"column":0},"end":{"line":49,"column":24}}},"fnMap":{},"branchMap":{},"s":{"0":1,"1":1,"2":1,"3":1,"4":1,"5":1,"6":1,"7":1,"8":1,"9":1,"10":1},"f":{},"b":{},"_coverageSchema":"1a1c01bbd47fc00a2c39e90264f33305004495a9","hash":"6178e4a9a7ce8b7eb6d525e11a98e2b8c575def0"}
,"/Users/praveensingh/Downloads/MERN_INTERVIEW/backend/src/services/authService.js": {"path":"/Users/praveensingh/Downloads/MERN_INTERVIEW/backend/src/services/authService.js","statementMap":{"0":{"start":{"line":1,"column":12},"end":{"line":1,"column":35}},"1":{"start":{"line":2,"column":13},"end":{"line":2,"column":38}},"2":{"start":{"line":11,"column":8},"end":{"line":13,"column":11}},"3":{"start":{"line":22,"column":8},"end":{"line":26,"column":9}},"4":{"start":{"line":23,"column":12},"end":{"line":23,"column":61}},"5":{"start":{"line":25,"column":12},"end":{"line":25,"column":56}},"6":{"start":{"line":35,"column":42},"end":{"line":35,"column":50}},"7":{"start":{"line":38,"column":29},"end":{"line":38,"column":58}},"8":{"start":{"line":39,"column":8},"end":{"line":41,"column":9}},"9":{"start":{"line":40,"column":12},"end":{"line":40,"column":67}},"10":{"start":{"line":44,"column":21},"end":{"line":48,"column":10}},"11":{"start":{"line":51,"column":22},"end":{"line":54,"column":10}},"12":{"start":{"line":56,"column":8},"end":{"line":63,"column":10}},"13":{"start":{"line":72,"column":36},"end":{"line":72,"column":47}},"14":{"start":{"line":75,"column":21},"end":{"line":75,"column":70}},"15":{"start":{"line":76,"column":8},"end":{"line":78,"column":9}},"16":{"start":{"line":77,"column":12},"end":{"line":77,"column":57}},"17":{"start":{"line":81,"column":32},"end":{"line":81,"column":68}},"18":{"start":{"line":82,"column":8},"end":{"line":84,"column":9}},"19":{"start":{"line":83,"column":12},"end":{"line":83,"column":57}},"20":{"start":{"line":87,"column":22},"end":{"line":90,"column":10}},"21":{"start":{"line":92,"column":8},"end":{"line":99,"column":10}},"22":{"start":{"line":108,"column":21},"end":{"line":108,"column":48}},"23":{"start":{"line":109,"column":8},"end":{"line":111,"column":9}},"24":{"start":{"line":110,"column":12},"end":{"line":110,"column":46}},"25":{"start":{"line":113,"column":8},"end":{"line":117,"column":10}},"26":{"start":{"line":121,"column":0},"end":{"line":121,"column":35}}},"fnMap":{"0":{"name":"(anonymous_0)","decl":{"start":{"line":10,"column":4},"end":{"line":10,"column":5}},"loc":{"start":{"line":10,"column":27},"end":{"line":14,"column":5}},"line":10},"1":{"name":"(anonymous_1)","decl":{"start":{"line":21,"column":4},"end":{"line":21,"column":5}},"loc":{"start":{"line":21,"column":23},"end":{"line":27,"column":5}},"line":21},"2":{"name":"(anonymous_2)","decl":{"start":{"line":34,"column":4},"end":{"line":34,"column":5}},"loc":{"start":{"line":34,"column":27},"end":{"line":64,"column":5}},"line":34},"3":{"name":"(anonymous_3)","decl":{"start":{"line":71,"column":4},"end":{"line":71,"column":5}},"loc":{"start":{"line":71,"column":29},"end":{"line":100,"column":5}},"line":71},"4":{"name":"(anonymous_4)","decl":{"start":{"line":107,"column":4},"end":{"line":107,"column":5}},"loc":{"start":{"line":107,"column":30},"end":{"line":118,"column":5}},"line":107}},"branchMap":{"0":{"loc":{"start":{"line":12,"column":23},"end":{"line":12,"column":53}},"type":"binary-expr","locations":[{"start":{"line":12,"column":23},"end":{"line":12,"column":45}},{"start":{"line":12,"column":49},"end":{"line":12,"column":53}}],"line":12},"1":{"loc":{"start":{"line":39,"column":8},"end":{"line":41,"column":9}},"type":"if","locations":[{"start":{"line":39,"column":8},"end":{"line":41,"column":9}},{"start":{},"end":{}}],"line":39},"2":{"loc":{"start":{"line":76,"column":8},"end":{"line":78,"column":9}},"type":"if","locations":[{"start":{"line":76,"column":8},"end":{"line":78,"column":9}},{"start":{},"end":{}}],"line":76},"3":{"loc":{"start":{"line":82,"column":8},"end":{"line":84,"column":9}},"type":"if","locations":[{"start":{"line":82,"column":8},"end":{"line":84,"column":9}},{"start":{},"end":{}}],"line":82},"4":{"loc":{"start":{"line":109,"column":8},"end":{"line":111,"column":9}},"type":"if","locations":[{"start":{"line":109,"column":8},"end":{"line":111,"column":9}},{"start":{},"end":{}}],"line":109}},"s":{"0":1,"1":1,"2":0,"3":0,"4":0,"5":0,"6":8,"7":8,"8":8,"9":0,"10":8,"11":0,"12":0,"13":0,"14":0,"15":0,"16":0,"17":0,"18":0,"19":0,"20":0,"21":0,"22":0,"23":0,"24":0,"25":0,"26":1},"f":{"0":0,"1":0,"2":8,"3":0,"4":0},"b":{"0":[0,0],"1":[0,8],"2":[0,0],"3":[0,0],"4":[0,0]},"_coverageSchema":"1a1c01bbd47fc00a2c39e90264f33305004495a9","hash":"b16ee3dc11a0cb762f096c6b44e9439c4a6ef6fc"}
,"/Users/praveensingh/Downloads/MERN_INTERVIEW/backend/src/services/expenseService.js": {"path":"/Users/praveensingh/Downloads/MERN_INTERVIEW/backend/src/services/expenseService.js","statementMap":{"0":{"start":{"line":1,"column":16},"end":{"line":1,"column":44}},"1":{"start":{"line":2,"column":13},"end":{"line":2,"column":38}},"2":{"start":{"line":7,"column":4},"end":{"line":7,"column":39}},"3":{"start":{"line":11,"column":4},"end":{"line":11,"column":43}},"4":{"start":{"line":34,"column":12},"end":{"line":34,"column":23}},"5":{"start":{"line":37,"column":22},"end":{"line":37,"column":49}},"6":{"start":{"line":38,"column":8},"end":{"line":40,"column":9}},"7":{"start":{"line":39,"column":12},"end":{"line":39,"column":47}},"8":{"start":{"line":43,"column":33},"end":{"line":43,"column":80}},"9":{"start":{"line":44,"column":8},"end":{"line":46,"column":9}},"10":{"start":{"line":45,"column":12},"end":{"line":45,"column":66}},"11":{"start":{"line":51,"column":8},"end":{"line":60,"column":9}},"12":{"start":{"line":52,"column":12},"end":{"line":52,"column":69}},"13":{"start":{"line":53,"column":15},"end":{"line":60,"column":9}},"14":{"start":{"line":54,"column":12},"end":{"line":56,"column":13}},"15":{"start":{"line":55,"column":16},"end":{"line":55,"column":92}},"16":{"start":{"line":57,"column":12},"end":{"line":57,"column":78}},"17":{"start":{"line":59,"column":12},"end":{"line":59,"column":83}},"18":{"start":{"line":63,"column":8},"end":{"line":63,"column":51}},"19":{"start":{"line":66,"column":24},"end":{"line":74,"column":10}},"20":{"start":{"line":77,"column":8},"end":{"line":77,"column":55}},"21":{"start":{"line":78,"column":8},"end":{"line":78,"column":61}},"22":{"start":{"line":79,"column":8},"end":{"line":79,"column":68}},"23":{"start":{"line":81,"column":8},"end":{"line":81,"column":23}},"24":{"start":{"line":93,"column":22},"end":{"line":93,"column":24}},"25":{"start":{"line":96,"column":8},"end":{"line":101,"column":9}},"26":{"start":{"line":97,"column":12},"end":{"line":100,"column":14}},"27":{"start":{"line":104,"column":8},"end":{"line":112,"column":9}},"28":{"start":{"line":105,"column":12},"end":{"line":105,"column":28}},"29":{"start":{"line":106,"column":12},"end":{"line":108,"column":13}},"30":{"start":{"line":107,"column":16},"end":{"line":107,"column":62}},"31":{"start":{"line":109,"column":12},"end":{"line":111,"column":13}},"32":{"start":{"line":110,"column":16},"end":{"line":110,"column":60}},"33":{"start":{"line":114,"column":25},"end":{"line":118,"column":31}},"34":{"start":{"line":120,"column":8},"end":{"line":120,"column":24}},"35":{"start":{"line":129,"column":24},"end":{"line":132,"column":58}},"36":{"start":{"line":134,"column":8},"end":{"line":136,"column":9}},"37":{"start":{"line":135,"column":12},"end":{"line":135,"column":49}},"38":{"start":{"line":138,"column":8},"end":{"line":138,"column":23}},"39":{"start":{"line":148,"column":24},"end":{"line":148,"column":57}},"40":{"start":{"line":149,"column":8},"end":{"line":151,"column":9}},"41":{"start":{"line":150,"column":12},"end":{"line":150,"column":49}},"42":{"start":{"line":160,"column":12},"end":{"line":160,"column":22}},"43":{"start":{"line":163,"column":8},"end":{"line":163,"column":73}},"44":{"start":{"line":163,"column":39},"end":{"line":163,"column":73}},"45":{"start":{"line":164,"column":8},"end":{"line":164,"column":52}},"46":{"start":{"line":164,"column":32},"end":{"line":164,"column":52}},"47":{"start":{"line":167,"column":8},"end":{"line":195,"column":9}},"48":{"start":{"line":168,"column":30},"end":{"line":168,"column":76}},"49":{"start":{"line":169,"column":36},"end":{"line":169,"column":100}},"50":{"start":{"line":170,"column":33},"end":{"line":170,"column":88}},"51":{"start":{"line":173,"column":12},"end":{"line":178,"column":13}},"52":{"start":{"line":174,"column":41},"end":{"line":174,"column":88}},"53":{"start":{"line":175,"column":16},"end":{"line":177,"column":17}},"54":{"start":{"line":176,"column":20},"end":{"line":176,"column":74}},"55":{"start":{"line":182,"column":12},"end":{"line":189,"column":13}},"56":{"start":{"line":183,"column":16},"end":{"line":183,"column":79}},"57":{"start":{"line":184,"column":19},"end":{"line":189,"column":13}},"58":{"start":{"line":185,"column":16},"end":{"line":187,"column":17}},"59":{"start":{"line":186,"column":20},"end":{"line":186,"column":96}},"60":{"start":{"line":188,"column":16},"end":{"line":188,"column":85}},"61":{"start":{"line":191,"column":12},"end":{"line":191,"column":39}},"62":{"start":{"line":192,"column":12},"end":{"line":192,"column":51}},"63":{"start":{"line":193,"column":12},"end":{"line":193,"column":45}},"64":{"start":{"line":194,"column":12},"end":{"line":194,"column":48}},"65":{"start":{"line":197,"column":8},"end":{"line":197,"column":29}},"66":{"start":{"line":200,"column":8},"end":{"line":200,"column":55}},"67":{"start":{"line":201,"column":8},"end":{"line":201,"column":61}},"68":{"start":{"line":202,"column":8},"end":{"line":202,"column":68}},"69":{"start":{"line":204,"column":8},"end":{"line":204,"column":23}},"70":{"start":{"line":213,"column":24},"end":{"line":213,"column":57}},"71":{"start":{"line":214,"column":8},"end":{"line":216,"column":9}},"72":{"start":{"line":215,"column":12},"end":{"line":215,"column":49}},"73":{"start":{"line":218,"column":8},"end":{"line":218,"column":33}},"74":{"start":{"line":219,"column":8},"end":{"line":219,"column":29}},"75":{"start":{"line":221,"column":8},"end":{"line":221,"column":59}},"76":{"start":{"line":231,"column":22},"end":{"line":235,"column":16}},"77":{"start":{"line":237,"column":25},"end":{"line":237,"column":50}},"78":{"start":{"line":239,"column":8},"end":{"line":247,"column":9}},"79":{"start":{"line":241,"column":36},"end":{"line":241,"column":72}},"80":{"start":{"line":242,"column":12},"end":{"line":242,"column":35}},"81":{"start":{"line":245,"column":35},"end":{"line":245,"column":62}},"82":{"start":{"line":246,"column":12},"end":{"line":246,"column":34}},"83":{"start":{"line":251,"column":0},"end":{"line":251,"column":38}}},"fnMap":{"0":{"name":"(anonymous_0)","decl":{"start":{"line":25,"column":4},"end":{"line":25,"column":5}},"loc":{"start":{"line":25,"column":37},"end":{"line":82,"column":5}},"line":25},"1":{"name":"(anonymous_1)","decl":{"start":{"line":92,"column":4},"end":{"line":92,"column":5}},"loc":{"start":{"line":92,"column":36},"end":{"line":121,"column":5}},"line":92},"2":{"name":"(anonymous_2)","decl":{"start":{"line":128,"column":4},"end":{"line":128,"column":5}},"loc":{"start":{"line":128,"column":36},"end":{"line":139,"column":5}},"line":128},"3":{"name":"(anonymous_3)","decl":{"start":{"line":147,"column":4},"end":{"line":147,"column":5}},"loc":{"start":{"line":147,"column":47},"end":{"line":205,"column":5}},"line":147},"4":{"name":"(anonymous_4)","decl":{"start":{"line":212,"column":4},"end":{"line":212,"column":5}},"loc":{"start":{"line":212,"column":35},"end":{"line":222,"column":5}},"line":212},"5":{"name":"(anonymous_5)","decl":{"start":{"line":229,"column":4},"end":{"line":229,"column":5}},"loc":{"start":{"line":229,"column":37},"end":{"line":248,"column":5}},"line":229}},"branchMap":{"0":{"loc":{"start":{"line":38,"column":8},"end":{"line":40,"column":9}},"type":"if","locations":[{"start":{"line":38,"column":8},"end":{"line":40,"column":9}},{"start":{},"end":{}}],"line":38},"1":{"loc":{"start":{"line":44,"column":8},"end":{"line":46,"column":9}},"type":"if","locations":[{"start":{"line":44,"column":8},"end":{"line":46,"column":9}},{"start":{},"end":{}}],"line":44},"2":{"loc":{"start":{"line":51,"column":8},"end":{"line":60,"column":9}},"type":"if","locations":[{"start":{"line":51,"column":8},"end":{"line":60,"column":9}},{"start":{"line":53,"column":15},"end":{"line":60,"column":9}}],"line":51},"3":{"loc":{"start":{"line":53,"column":15},"end":{"line":60,"column":9}},"type":"if","locations":[{"start":{"line":53,"column":15},"end":{"line":60,"column":9}},{"start":{"line":58,"column":15},"end":{"line":60,"column":9}}],"line":53},"4":{"loc":{"start":{"line":54,"column":12},"end":{"line":56,"column":13}},"type":"if","locations":[{"start":{"line":54,"column":12},"end":{"line":56,"column":13}},{"start":{},"end":{}}],"line":54},"5":{"loc":{"start":{"line":54,"column":16},"end":{"line":54,"column":66}},"type":"binary-expr","locations":[{"start":{"line":54,"column":16},"end":{"line":54,"column":33}},{"start":{"line":54,"column":37},"end":{"line":54,"column":66}}],"line":54},"6":{"loc":{"start":{"line":73,"column":18},"end":{"line":73,"column":36}},"type":"binary-expr","locations":[{"start":{"line":73,"column":18},"end":{"line":73,"column":22}},{"start":{"line":73,"column":26},"end":{"line":73,"column":36}}],"line":73},"7":{"loc":{"start":{"line":92,"column":22},"end":{"line":92,"column":34}},"type":"default-arg","locations":[{"start":{"line":92,"column":32},"end":{"line":92,"column":34}}],"line":92},"8":{"loc":{"start":{"line":96,"column":8},"end":{"line":101,"column":9}},"type":"if","locations":[{"start":{"line":96,"column":8},"end":{"line":101,"column":9}},{"start":{},"end":{}}],"line":96},"9":{"loc":{"start":{"line":104,"column":8},"end":{"line":112,"column":9}},"type":"if","locations":[{"start":{"line":104,"column":8},"end":{"line":112,"column":9}},{"start":{},"end":{}}],"line":104},"10":{"loc":{"start":{"line":104,"column":12},"end":{"line":104,"column":48}},"type":"binary-expr","locations":[{"start":{"line":104,"column":12},"end":{"line":104,"column":29}},{"start":{"line":104,"column":33},"end":{"line":104,"column":48}}],"line":104},"11":{"loc":{"start":{"line":106,"column":12},"end":{"line":108,"column":13}},"type":"if","locations":[{"start":{"line":106,"column":12},"end":{"line":108,"column":13}},{"start":{},"end":{}}],"line":106},"12":{"loc":{"start":{"line":109,"column":12},"end":{"line":111,"column":13}},"type":"if","locations":[{"start":{"line":109,"column":12},"end":{"line":111,"column":13}},{"start":{},"end":{}}],"line":109},"13":{"loc":{"start":{"line":134,"column":8},"end":{"line":136,"column":9}},"type":"if","locations":[{"start":{"line":134,"column":8},"end":{"line":136,"column":9}},{"start":{},"end":{}}],"line":134},"14":{"loc":{"start":{"line":149,"column":8},"end":{"line":151,"column":9}},"type":"if","locations":[{"start":{"line":149,"column":8},"end":{"line":151,"column":9}},{"start":{},"end":{}}],"line":149},"15":{"loc":{"start":{"line":163,"column":8},"end":{"line":163,"column":73}},"type":"if","locations":[{"start":{"line":163,"column":8},"end":{"line":163,"column":73}},{"start":{},"end":{}}],"line":163},"16":{"loc":{"start":{"line":164,"column":8},"end":{"line":164,"column":52}},"type":"if","locations":[{"start":{"line":164,"column":8},"end":{"line":164,"column":52}},{"start":{},"end":{}}],"line":164},"17":{"loc":{"start":{"line":167,"column":8},"end":{"line":195,"column":9}},"type":"if","locations":[{"start":{"line":167,"column":8},"end":{"line":195,"column":9}},{"start":{},"end":{}}],"line":167},"18":{"loc":{"start":{"line":167,"column":12},"end":{"line":167,"column":89}},"type":"binary-expr","locations":[{"start":{"line":167,"column":12},"end":{"line":167,"column":32}},{"start":{"line":167,"column":36},"end":{"line":167,"column":62}},{"start":{"line":167,"column":66},"end":{"line":167,"column":89}}],"line":167},"19":{"loc":{"start":{"line":168,"column":30},"end":{"line":168,"column":76}},"type":"cond-expr","locations":[{"start":{"line":168,"column":53},"end":{"line":168,"column":59}},{"start":{"line":168,"column":62},"end":{"line":168,"column":76}}],"line":168},"20":{"loc":{"start":{"line":169,"column":36},"end":{"line":169,"column":100}},"type":"cond-expr","locations":[{"start":{"line":169,"column":65},"end":{"line":169,"column":77}},{"start":{"line":169,"column":80},"end":{"line":169,"column":100}}],"line":169},"21":{"loc":{"start":{"line":170,"column":33},"end":{"line":170,"column":88}},"type":"cond-expr","locations":[{"start":{"line":170,"column":59},"end":{"line":170,"column":68}},{"start":{"line":170,"column":71},"end":{"line":170,"column":88}}],"line":170},"22":{"loc":{"start":{"line":173,"column":12},"end":{"line":178,"column":13}},"type":"if","locations":[{"start":{"line":173,"column":12},"end":{"line":178,"column":13}},{"start":{},"end":{}}],"line":173},"23":{"loc":{"start":{"line":175,"column":16},"end":{"line":177,"column":17}},"type":"if","locations":[{"start":{"line":175,"column":16},"end":{"line":177,"column":17}},{"start":{},"end":{}}],"line":175},"24":{"loc":{"start":{"line":182,"column":12},"end":{"line":189,"column":13}},"type":"if","locations":[{"start":{"line":182,"column":12},"end":{"line":189,"column":13}},{"start":{"line":184,"column":19},"end":{"line":189,"column":13}}],"line":182},"25":{"loc":{"start":{"line":184,"column":19},"end":{"line":189,"column":13}},"type":"if","locations":[{"start":{"line":184,"column":19},"end":{"line":189,"column":13}},{"start":{},"end":{}}],"line":184},"26":{"loc":{"start":{"line":185,"column":16},"end":{"line":187,"column":17}},"type":"if","locations":[{"start":{"line":185,"column":16},"end":{"line":187,"column":17}},{"start":{},"end":{}}],"line":185},"27":{"loc":{"start":{"line":185,"column":20},"end":{"line":185,"column":70}},"type":"binary-expr","locations":[{"start":{"line":185,"column":20},"end":{"line":185,"column":37}},{"start":{"line":185,"column":41},"end":{"line":185,"column":70}}],"line":185},"28":{"loc":{"start":{"line":214,"column":8},"end":{"line":216,"column":9}},"type":"if","locations":[{"start":{"line":214,"column":8},"end":{"line":216,"column":9}},{"start":{},"end":{}}],"line":214},"29":{"loc":{"start":{"line":229,"column":22},"end":{"line":229,"column":35}},"type":"default-arg","locations":[{"start":{"line":229,"column":31},"end":{"line":229,"column":35}}],"line":229},"30":{"loc":{"start":{"line":231,"column":22},"end":{"line":235,"column":16}},"type":"cond-expr","locations":[{"start":{"line":232,"column":14},"end":{"line":234,"column":13}},{"start":{"line":235,"column":14},"end":{"line":235,"column":16}}],"line":231},"31":{"loc":{"start":{"line":239,"column":8},"end":{"line":247,"column":9}},"type":"if","locations":[{"start":{"line":239,"column":8},"end":{"line":247,"column":9}},{"start":{"line":243,"column":15},"end":{"line":247,"column":9}}],"line":239}},"s":{"0":1,"1":1,"2":1,"3":1,"4":0,"5":0,"6":0,"7":0,"8":0,"9":0,"10":0,"11":0,"12":0,"13":0,"14":0,"15":0,"16":0,"17":0,"18":0,"19":0,"20":0,"21":0,"22":0,"23":0,"24":0,"25":0,"26":0,"27":0,"28":0,"29":0,"30":0,"31":0,"32":0,"33":0,"34":0,"35":0,"36":0,"37":0,"38":0,"39":0,"40":0,"41":0,"42":0,"43":0,"44":0,"45":0,"46":0,"47":0,"48":0,"49":0,"50":0,"51":0,"52":0,"53":0,"54":0,"55":0,"56":0,"57":0,"58":0,"59":0,"60":0,"61":0,"62":0,"63":0,"64":0,"65":0,"66":0,"67":0,"68":0,"69":0,"70":0,"71":0,"72":0,"73":0,"74":0,"75":0,"76":0,"77":0,"78":0,"79":0,"80":0,"81":0,"82":0,"83":1},"f":{"0":0,"1":0,"2":0,"3":0,"4":0,"5":0},"b":{"0":[0,0],"1":[0,0],"2":[0,0],"3":[0,0],"4":[0,0],"5":[0,0],"6":[0,0],"7":[0],"8":[0,0],"9":[0,0],"10":[0,0],"11":[0,0],"12":[0,0],"13":[0,0],"14":[0,0],"15":[0,0],"16":[0,0],"17":[0,0],"18":[0,0,0],"19":[0,0],"20":[0,0],"21":[0,0],"22":[0,0],"23":[0,0],"24":[0,0],"25":[0,0],"26":[0,0],"27":[0,0],"28":[0,0],"29":[0],"30":[0,0],"31":[0,0]},"_coverageSchema":"1a1c01bbd47fc00a2c39e90264f33305004495a9","hash":"f5b9fd5eb7f4a68a9bdfa9447f74817877ded6aa"}
,"/Users/praveensingh/Downloads/MERN_INTERVIEW/backend/src/services/subscriptionService.js": {"path":"/Users/praveensingh/Downloads/MERN_INTERVIEW/backend/src/services/subscriptionService.js","statementMap":{"0":{"start":{"line":1,"column":17},"end":{"line":1,"column":46}},"1":{"start":{"line":2,"column":21},"end":{"line":2,"column":54}},"2":{"start":{"line":3,"column":21},"end":{"line":3,"column":54}},"3":{"start":{"line":4,"column":13},"end":{"line":4,"column":38}},"4":{"start":{"line":5,"column":15},"end":{"line":5,"column":32}},"5":{"start":{"line":8,"column":14},"end":{"line":49,"column":1}},"6":{"start":{"line":56,"column":8},"end":{"line":56,"column":36}},"7":{"start":{"line":64,"column":21},"end":{"line":64,"column":34}},"8":{"start":{"line":65,"column":8},"end":{"line":67,"column":9}},"9":{"start":{"line":66,"column":12},"end":{"line":66,"column":53}},"10":{"start":{"line":69,"column":8},"end":{"line":71,"column":9}},"11":{"start":{"line":70,"column":12},"end":{"line":70,"column":71}},"12":{"start":{"line":74,"column":37},"end":{"line":77,"column":10}},"13":{"start":{"line":79,"column":8},"end":{"line":81,"column":9}},"14":{"start":{"line":80,"column":12},"end":{"line":80,"column":71}},"15":{"start":{"line":84,"column":21},"end":{"line":84,"column":48}},"16":{"start":{"line":87,"column":8},"end":{"line":95,"column":9}},"17":{"start":{"line":88,"column":29},"end":{"line":91,"column":14}},"18":{"start":{"line":92,"column":12},"end":{"line":92,"column":37}},"19":{"start":{"line":94,"column":12},"end":{"line":94,"column":75}},"20":{"start":{"line":99,"column":8},"end":{"line":111,"column":9}},"21":{"start":{"line":100,"column":12},"end":{"line":108,"column":15}},"22":{"start":{"line":110,"column":12},"end":{"line":110,"column":79}},"23":{"start":{"line":114,"column":29},"end":{"line":124,"column":10}},"24":{"start":{"line":127,"column":8},"end":{"line":129,"column":11}},"25":{"start":{"line":131,"column":8},"end":{"line":135,"column":10}},"26":{"start":{"line":143,"column":24},"end":{"line":143,"column":71}},"27":{"start":{"line":144,"column":8},"end":{"line":146,"column":9}},"28":{"start":{"line":145,"column":12},"end":{"line":145,"column":57}},"29":{"start":{"line":148,"column":22},"end":{"line":148,"column":41}},"30":{"start":{"line":149,"column":24},"end":{"line":149,"column":95}},"31":{"start":{"line":152,"column":30},"end":{"line":152,"column":69}},"32":{"start":{"line":153,"column":8},"end":{"line":155,"column":9}},"33":{"start":{"line":154,"column":12},"end":{"line":154,"column":75}},"34":{"start":{"line":158,"column":8},"end":{"line":202,"column":9}},"35":{"start":{"line":160,"column":12},"end":{"line":178,"column":13}},"36":{"start":{"line":162,"column":20},"end":{"line":162,"column":103}},"37":{"start":{"line":163,"column":20},"end":{"line":163,"column":26}},"38":{"start":{"line":165,"column":20},"end":{"line":165,"column":96}},"39":{"start":{"line":166,"column":20},"end":{"line":166,"column":26}},"40":{"start":{"line":168,"column":20},"end":{"line":168,"column":103}},"41":{"start":{"line":169,"column":20},"end":{"line":169,"column":26}},"42":{"start":{"line":171,"column":20},"end":{"line":171,"column":103}},"43":{"start":{"line":172,"column":20},"end":{"line":172,"column":26}},"44":{"start":{"line":174,"column":20},"end":{"line":174,"column":100}},"45":{"start":{"line":175,"column":20},"end":{"line":175,"column":26}},"46":{"start":{"line":177,"column":20},"end":{"line":177,"column":67}},"47":{"start":{"line":181,"column":12},"end":{"line":187,"column":15}},"48":{"start":{"line":189,"column":12},"end":{"line":189,"column":26}},"49":{"start":{"line":192,"column":12},"end":{"line":199,"column":15}},"50":{"start":{"line":201,"column":12},"end":{"line":201,"column":24}},"51":{"start":{"line":209,"column":34},"end":{"line":212,"column":26}},"52":{"start":{"line":214,"column":8},"end":{"line":214,"column":47}},"53":{"start":{"line":221,"column":29},"end":{"line":223,"column":10}},"54":{"start":{"line":225,"column":8},"end":{"line":227,"column":9}},"55":{"start":{"line":226,"column":12},"end":{"line":226,"column":54}},"56":{"start":{"line":230,"column":8},"end":{"line":230,"column":39}},"57":{"start":{"line":231,"column":8},"end":{"line":231,"column":76}},"58":{"start":{"line":232,"column":8},"end":{"line":232,"column":72}},"59":{"start":{"line":233,"column":8},"end":{"line":233,"column":34}},"60":{"start":{"line":236,"column":8},"end":{"line":238,"column":11}},"61":{"start":{"line":240,"column":8},"end":{"line":240,"column":87}},"62":{"start":{"line":247,"column":29},"end":{"line":249,"column":10}},"63":{"start":{"line":251,"column":8},"end":{"line":253,"column":9}},"64":{"start":{"line":252,"column":12},"end":{"line":252,"column":54}},"65":{"start":{"line":256,"column":8},"end":{"line":264,"column":10}},"66":{"start":{"line":265,"column":8},"end":{"line":265,"column":34}},"67":{"start":{"line":267,"column":8},"end":{"line":267,"column":81}},"68":{"start":{"line":274,"column":29},"end":{"line":276,"column":10}},"69":{"start":{"line":278,"column":8},"end":{"line":280,"column":9}},"70":{"start":{"line":279,"column":12},"end":{"line":279,"column":54}},"71":{"start":{"line":282,"column":8},"end":{"line":282,"column":42}},"72":{"start":{"line":283,"column":8},"end":{"line":283,"column":46}},"73":{"start":{"line":284,"column":8},"end":{"line":284,"column":39}},"74":{"start":{"line":285,"column":8},"end":{"line":285,"column":34}},"75":{"start":{"line":288,"column":8},"end":{"line":290,"column":11}},"76":{"start":{"line":292,"column":8},"end":{"line":292,"column":87}},"77":{"start":{"line":299,"column":29},"end":{"line":301,"column":10}},"78":{"start":{"line":303,"column":8},"end":{"line":305,"column":9}},"79":{"start":{"line":304,"column":12},"end":{"line":304,"column":54}},"80":{"start":{"line":307,"column":8},"end":{"line":307,"column":40}},"81":{"start":{"line":308,"column":8},"end":{"line":308,"column":34}},"82":{"start":{"line":311,"column":8},"end":{"line":313,"column":11}},"83":{"start":{"line":315,"column":8},"end":{"line":315,"column":87}},"84":{"start":{"line":322,"column":29},"end":{"line":324,"column":10}},"85":{"start":{"line":326,"column":8},"end":{"line":328,"column":9}},"86":{"start":{"line":327,"column":12},"end":{"line":327,"column":54}},"87":{"start":{"line":330,"column":8},"end":{"line":330,"column":42}},"88":{"start":{"line":331,"column":8},"end":{"line":331,"column":34}},"89":{"start":{"line":333,"column":8},"end":{"line":333,"column":84}},"90":{"start":{"line":340,"column":29},"end":{"line":343,"column":10}},"91":{"start":{"line":345,"column":8},"end":{"line":347,"column":9}},"92":{"start":{"line":346,"column":12},"end":{"line":346,"column":60}},"93":{"start":{"line":350,"column":8},"end":{"line":354,"column":9}},"94":{"start":{"line":351,"column":12},"end":{"line":351,"column":85}},"95":{"start":{"line":353,"column":12},"end":{"line":353,"column":79}},"96":{"start":{"line":357,"column":8},"end":{"line":357,"column":42}},"97":{"start":{"line":358,"column":8},"end":{"line":358,"column":46}},"98":{"start":{"line":359,"column":8},"end":{"line":359,"column":39}},"99":{"start":{"line":360,"column":8},"end":{"line":360,"column":34}},"100":{"start":{"line":363,"column":8},"end":{"line":365,"column":11}},"101":{"start":{"line":367,"column":8},"end":{"line":367,"column":28}},"102":{"start":{"line":374,"column":21},"end":{"line":374,"column":75}},"103":{"start":{"line":376,"column":8},"end":{"line":382,"column":9}},"104":{"start":{"line":377,"column":12},"end":{"line":381,"column":14}},"105":{"start":{"line":384,"column":29},"end":{"line":384,"column":48}},"106":{"start":{"line":387,"column":8},"end":{"line":401,"column":9}},"107":{"start":{"line":388,"column":12},"end":{"line":388,"column":44}},"108":{"start":{"line":389,"column":12},"end":{"line":389,"column":38}},"109":{"start":{"line":391,"column":12},"end":{"line":393,"column":15}},"110":{"start":{"line":395,"column":12},"end":{"line":400,"column":14}},"111":{"start":{"line":403,"column":8},"end":{"line":410,"column":10}},"112":{"start":{"line":417,"column":21},"end":{"line":417,"column":35}},"113":{"start":{"line":418,"column":8},"end":{"line":420,"column":9}},"114":{"start":{"line":419,"column":12},"end":{"line":419,"column":56}},"115":{"start":{"line":423,"column":36},"end":{"line":426,"column":10}},"116":{"start":{"line":428,"column":8},"end":{"line":430,"column":9}},"117":{"start":{"line":429,"column":12},"end":{"line":429,"column":50}},"118":{"start":{"line":433,"column":8},"end":{"line":433,"column":62}},"119":{"start":{"line":437,"column":0},"end":{"line":437,"column":43}}},"fnMap":{"0":{"name":"(anonymous_0)","decl":{"start":{"line":55,"column":4},"end":{"line":55,"column":5}},"loc":{"start":{"line":55,"column":21},"end":{"line":57,"column":5}},"line":55},"1":{"name":"(anonymous_1)","decl":{"start":{"line":62,"column":4},"end":{"line":62,"column":5}},"loc":{"start":{"line":62,"column":45},"end":{"line":136,"column":5}},"line":62},"2":{"name":"(anonymous_2)","decl":{"start":{"line":141,"column":4},"end":{"line":141,"column":5}},"loc":{"start":{"line":141,"column":44},"end":{"line":203,"column":5}},"line":141},"3":{"name":"(anonymous_3)","decl":{"start":{"line":208,"column":4},"end":{"line":208,"column":5}},"loc":{"start":{"line":208,"column":47},"end":{"line":215,"column":5}},"line":208},"4":{"name":"(anonymous_4)","decl":{"start":{"line":220,"column":4},"end":{"line":220,"column":5}},"loc":{"start":{"line":220,"column":56},"end":{"line":241,"column":5}},"line":220},"5":{"name":"(anonymous_5)","decl":{"start":{"line":246,"column":4},"end":{"line":246,"column":5}},"loc":{"start":{"line":246,"column":49},"end":{"line":268,"column":5}},"line":246},"6":{"name":"(anonymous_6)","decl":{"start":{"line":273,"column":4},"end":{"line":273,"column":5}},"loc":{"start":{"line":273,"column":56},"end":{"line":293,"column":5}},"line":273},"7":{"name":"(anonymous_7)","decl":{"start":{"line":298,"column":4},"end":{"line":298,"column":5}},"loc":{"start":{"line":298,"column":56},"end":{"line":316,"column":5}},"line":298},"8":{"name":"(anonymous_8)","decl":{"start":{"line":321,"column":4},"end":{"line":321,"column":5}},"loc":{"start":{"line":321,"column":53},"end":{"line":334,"column":5}},"line":321},"9":{"name":"(anonymous_9)","decl":{"start":{"line":339,"column":4},"end":{"line":339,"column":5}},"loc":{"start":{"line":339,"column":37},"end":{"line":368,"column":5}},"line":339},"10":{"name":"(anonymous_10)","decl":{"start":{"line":373,"column":4},"end":{"line":373,"column":5}},"loc":{"start":{"line":373,"column":40},"end":{"line":411,"column":5}},"line":373},"11":{"name":"(anonymous_11)","decl":{"start":{"line":416,"column":4},"end":{"line":416,"column":5}},"loc":{"start":{"line":416,"column":47},"end":{"line":434,"column":5}},"line":416}},"branchMap":{"0":{"loc":{"start":{"line":65,"column":8},"end":{"line":67,"column":9}},"type":"if","locations":[{"start":{"line":65,"column":8},"end":{"line":67,"column":9}},{"start":{},"end":{}}],"line":65},"1":{"loc":{"start":{"line":69,"column":8},"end":{"line":71,"column":9}},"type":"if","locations":[{"start":{"line":69,"column":8},"end":{"line":71,"column":9}},{"start":{},"end":{}}],"line":69},"2":{"loc":{"start":{"line
[...]
,"/Users/praveensingh/Downloads/MERN_INTERVIEW/backend/src/utils/settlementOptimizer.js": {"path":"/Users/praveensingh/Downloads/MERN_INTERVIEW/backend/src/utils/settlementOptimizer.js","statementMap":{"0":{"start":{"line":12,"column":29},"end":{"line":40,"column":1}},"1":{"start":{"line":13,"column":21},"end":{"line":13,"column":23}},"2":{"start":{"line":15,"column":4},"end":{"line":37,"column":7}},"3":{"start":{"line":16,"column":23},"end":{"line":16,"column":48}},"4":{"start":{"line":17,"column":23},"end":{"line":17,"column":37}},"5":{"start":{"line":20,"column":8},"end":{"line":22,"column":9}},"6":{"start":{"line":21,"column":12},"end":{"line":21,"column":33}},"7":{"start":{"line":25,"column":8},"end":{"line":25,"column":35}},"8":{"start":{"line":28,"column":8},"end":{"line":36,"column":11}},"9":{"start":{"line":29,"column":27},"end":{"line":29,"column":50}},"10":{"start":{"line":31,"column":12},"end":{"line":33,"column":13}},"11":{"start":{"line":32,"column":16},"end":{"line":32,"column":37}},"12":{"start":{"line":35,"column":12},"end":{"line":35,"column":45}},"13":{"start":{"line":39,"column":4},"end":{"line":39,"column":20}},"14":{"start":{"line":47,"column":28},"end":{"line":104,"column":1}},"15":{"start":{"line":49,"column":20},"end":{"line":49,"column":22}},"16":{"start":{"line":50,"column":22},"end":{"line":50,"column":24}},"17":{"start":{"line":52,"column":4},"end":{"line":63,"column":7}},"18":{"start":{"line":54,"column":31},"end":{"line":54,"column":62}},"19":{"start":{"line":56,"column":8},"end":{"line":62,"column":9}},"20":{"start":{"line":58,"column":12},"end":{"line":58,"column":71}},"21":{"start":{"line":59,"column":15},"end":{"line":62,"column":9}},"22":{"start":{"line":61,"column":12},"end":{"line":61,"column":63}},"23":{"start":{"line":66,"column":4},"end":{"line":66,"column":48}},"24":{"start":{"line":66,"column":27},"end":{"line":66,"column":46}},"25":{"start":{"line":67,"column":4},"end":{"line":67,"column":50}},"26":{"start":{"line":67,"column":29},"end":{"line":67,"column":48}},"27":{"start":{"line":69,"column":24},"end":{"line":69,"column":26}},"28":{"start":{"line":70,"column":22},"end":{"line":70,"column":23}},"29":{"start":{"line":71,"column":24},"end":{"line":71,"column":25}},"30":{"start":{"line":74,"column":4},"end":{"line":101,"column":5}},"31":{"start":{"line":75,"column":23},"end":{"line":75,"column":43}},"32":{"start":{"line":76,"column":25},"end":{"line":76,"column":49}},"33":{"start":{"line":79,"column":33},"end":{"line":79,"column":73}},"34":{"start":{"line":80,"column":30},"end":{"line":80,"column":70}},"35":{"start":{"line":82,"column":8},"end":{"line":88,"column":9}},"36":{"start":{"line":83,"column":12},"end":{"line":87,"column":15}},"37":{"start":{"line":91,"column":8},"end":{"line":91,"column":83}},"38":{"start":{"line":92,"column":8},"end":{"line":92,"column":87}},"39":{"start":{"line":95,"column":8},"end":{"line":97,"column":9}},"40":{"start":{"line":96,"column":12},"end":{"line":96,"column":26}},"41":{"start":{"line":98,"column":8},"end":{"line":100,"column":9}},"42":{"start":{"line":99,"column":12},"end":{"line":99,"column":28}},"43":{"start":{"line":103,"column":4},"end":{"line":103,"column":23}},"44":{"start":{"line":111,"column":26},"end":{"line":126,"column":1}},"45":{"start":{"line":112,"column":4},"end":{"line":117,"column":5}},"46":{"start":{"line":113,"column":8},"end":{"line":116,"column":10}},"47":{"start":{"line":119,"column":21},"end":{"line":119,"column":51}},"48":{"start":{"line":120,"column":24},"end":{"line":120,"column":53}},"49":{"start":{"line":122,"column":4},"end":{"line":125,"column":6}},"50":{"start":{"line":134,"column":27},"end":{"line":146,"column":1}},"51":{"start":{"line":135,"column":38},"end":{"line":135,"column":65}},"52":{"start":{"line":137,"column":24},"end":{"line":137,"column":45}},"53":{"start":{"line":138,"column":17},"end":{"line":138,"column":61}},"54":{"start":{"line":138,"column":43},"end":{"line":138,"column":60}},"55":{"start":{"line":139,"column":19},"end":{"line":139,"column":61}},"56":{"start":{"line":139,"column":45},"end":{"line":139,"column":60}},"57":{"start":{"line":141,"column":4},"end":{"line":145,"column":6}},"58":{"start":{"line":148,"column":0},"end":{"line":153,"column":2}}},"fnMap":{"0":{"name":"(anonymous_0)","decl":{"start":{"line":12,"column":29},"end":{"line":12,"column":30}},"loc":{"start":{"line":12,"column":43},"end":{"line":40,"column":1}},"line":12},"1":{"name":"(anonymous_1)","decl":{"start":{"line":15,"column":21},"end":{"line":15,"column":22}},"loc":{"start":{"line":15,"column":34},"end":{"line":37,"column":5}},"line":15},"2":{"name":"(anonymous_2)","decl":{"start":{"line":28,"column":37},"end":{"line":28,"column":38}},"loc":{"start":{"line":28,"column":48},"end":{"line":36,"column":9}},"line":28},"3":{"name":"(anonymous_3)","decl":{"start":{"line":47,"column":28},"end":{"line":47,"column":29}},"loc":{"start":{"line":47,"column":42},"end":{"line":104,"column":1}},"line":47},"4":{"name":"(anonymous_4)","decl":{"start":{"line":52,"column":37},"end":{"line":52,"column":38}},"loc":{"start":{"line":52,"column":60},"end":{"line":63,"column":5}},"line":52},"5":{"name":"(anonymous_5)","decl":{"start":{"line":66,"column":17},"end":{"line":66,"column":18}},"loc":{"start":{"line":66,"column":27},"end":{"line":66,"column":46}},"line":66},"6":{"name":"(anonymous_6)","decl":{"start":{"line":67,"column":19},"end":{"line":67,"column":20}},"loc":{"start":{"line":67,"column":29},"end":{"line":67,"column":48}},"line":67},"7":{"name":"(anonymous_7)","decl":{"start":{"line":111,"column":26},"end":{"line":111,"column":27}},"loc":{"start":{"line":111,"column":40},"end":{"line":126,"column":1}},"line":111},"8":{"name":"(anonymous_8)","decl":{"start":{"line":134,"column":27},"end":{"line":134,"column":28}},"loc":{"start":{"line":134,"column":49},"end":{"line":146,"column":1}},"line":134},"9":{"name":"(anonymous_9)","decl":{"start":{"line":138,"column":36},"end":{"line":138,"column":37}},"loc":{"start":{"line":138,"column":43},"end":{"line":138,"column":60}},"line":138},"10":{"name":"(anonymous_10)","decl":{"start":{"line":139,"column":38},"end":{"line":139,"column":39}},"loc":{"start":{"line":139,"column":45},"end":{"line":139,"column":60}},"line":139}},"branchMap":{"0":{"loc":{"start":{"line":20,"column":8},"end":{"line":22,"column":9}},"type":"if","locations":[{"start":{"line":20,"column":8},"end":{"line":22,"column":9}},{"start":{},"end":{}}],"line":20},"1":{"loc":{"start":{"line":31,"column":12},"end":{"line":33,"column":13}},"type":"if","locations":[{"start":{"line":31,"column":12},"end":{"line":33,"column":13}},{"start":{},"end":{}}],"line":31},"2":{"loc":{"start":{"line":56,"column":8},"end":{"line":62,"column":9}},"type":"if","locations":[{"start":{"line":56,"column":8},"end":{"line":62,"column":9}},{"start":{"line":59,"column":15},"end":{"line":62,"column":9}}],"line":56},"3":{"loc":{"start":{"line":59,"column":15},"end":{"line":62,"column":9}},"type":"if","locations":[{"start":{"line":59,"column":15},"end":{"line":62,"column":9}},{"start":{},"end":{}}],"line":59},"4":{"loc":{"start":{"line":74,"column":11},"end":{"line":74,"column":75}},"type":"binary-expr","locations":[{"start":{"line":74,"column":11},"end":{"line":74,"column":39}},{"start":{"line":74,"column":43},"end":{"line":74,"column":75}}],"line":74},"5":{"loc":{"start":{"line":82,"column":8},"end":{"line":88,"column":9}},"type":"if","locations":[{"start":{"line":82,"column":8},"end":{"line":88,"column":9}},{"start":{},"end":{}}],"line":82},"6":{"loc":{"start":{"line":95,"column":8},"end":{"line":97,"column":9}},"type":"if","locations":[{"start":{"line":95,"column":8},"end":{"line":97,"column":9}},{"start":{},"end":{}}],"line":95},"7":{"loc":{"start":{"line":98,"column":8},"end":{"line":100,"column":9}},"type":"if","locations":[{"start":{"line":98,"column":8},"end":{"line":100,"column":9}},{"start":{},"end":{}}],"line":98},"8":{"loc":{"start":{"line":112,"column":4},"end":{"line":117,"column":5}},"type":"if","locations":[{"start":{"line":112,"column":4},"end":{"line":117,"column":5}},{"start":{},"end":{}}],"line":112},"9":{"loc":{"start":{"line":112,"column":8},"end":{"line":112,"column":42}},"type":"binary-expr","locations":[{"start":{"line":112,"column":8},"end":{"line":112,"column":17}},{"start":{"line":112,"column":21},"end":{"line":112,"column":42}}],"line":112},"10":{"loc":{"start":{"line":137,"column":24},"end":{"line":137,"column":45}},"type":"binary-expr","locations":[{"start":{"line":137,"column":24},"end":{"line":137,"column":40}},{"start":{"line":137,"column":44},"end":{"line":137,"column":45}}],"line":137}},"s":{"0":1,"1":0,"2":0,"3":0,"4":0,"5":0,"6":0,"7":0,"8":0,"9":0,"10":0,"11":0,"12":0,"13":0,"14":1,"15":0,"16":0,"17":0,"18":0,"19":0,"20":0,"21":0,"22":0,"23":0,"24":0,"25":0,"26":0,"27":0,"28":0,"29":0,"30":0,"31":0,"32":0,"33":0,"34":0,"35":0,"36":0,"37":0,"38":0,"39":0,"40":0,"41":0,"42":0,"43":0,"44":1,"45":0,"46":0,"47":0,"48":0,"49":0,"50":1,"51":0,"52":0,"53":0,"54":0,"55":0,"56":0,"57":0,"58":1},"f":{"0":0,"1":0,"2":0,"3":0,"4":0,"5":0,"6":0,"7":0,"8":0,"9":0,"10":0},"b":{"0":[0,0],"1":[0,0],"2":[0,0],"3":[0,0],"4":[0,0],"5":[0,0],"6":[0,0],"7":[0,0],"8":[0,0],"9":[0,0],"10":[0,0]},"_coverageSchema":"1a1c01bbd47fc00a2c39e90264f33305004495a9","hash":"df82fe5297140bcc5dbf5460d6cbf78c9572086c"}
,"/Users/praveensingh/Downloads/MERN_INTERVIEW/backend/src/utils/splitCalculator.js": {"path":"/Users/praveensingh/Downloads/MERN_INTERVIEW/backend/src/utils/splitCalculator.js","statementMap":{"0":{"start":{"line":12,"column":28},"end":{"line":44,"column":1}},"1":{"start":{"line":13,"column":4},"end":{"line":15,"column":5}},"2":{"start":{"line":14,"column":8},"end":{"line":14,"column":64}},"3":{"start":{"line":17,"column":4},"end":{"line":19,"column":5}},"4":{"start":{"line":18,"column":8},"end":{"line":18,"column":63}},"5":{"start":{"line":21,"column":29},"end":{"line":21,"column":50}},"6":{"start":{"line":22,"column":23},"end":{"line":22,"column":79}},"7":{"start":{"line":25,"column":25},"end":{"line":25,"column":54}},"8":{"start":{"line":26,"column":20},"end":{"line":26,"column":74}},"9":{"start":{"line":28,"column":25},"end":{"line":41,"column":6}},"10":{"start":{"line":29,"column":21},"end":{"line":29,"column":31}},"11":{"start":{"line":32,"column":8},"end":{"line":35,"column":9}},"12":{"start":{"line":33,"column":12},"end":{"line":33,"column":27}},"13":{"start":{"line":34,"column":12},"end":{"line":34,"column":67}},"14":{"start":{"line":37,"column":8},"end":{"line":40,"column":10}},"15":{"start":{"line":43,"column":4},"end":{"line":43,"column":24}},"16":{"start":{"line":52,"column":33},"end":{"line":101,"column":1}},"17":{"start":{"line":53,"column":4},"end":{"line":55,"column":5}},"18":{"start":{"line":54,"column":8},"end":{"line":54,"column":69}},"19":{"start":{"line":57,"column":4},"end":{"line":59,"column":5}},"20":{"start":{"line":58,"column":8},"end":{"line":58,"column":63}},"21":{"start":{"line":62,"column":28},"end":{"line":65,"column":5}},"22":{"start":{"line":63,"column":24},"end":{"line":63,"column":46}},"23":{"start":{"line":68,"column":4},"end":{"line":72,"column":5}},"24":{"start":{"line":69,"column":8},"end":{"line":71,"column":10}},"25":{"start":{"line":75,"column":4},"end":{"line":79,"column":7}},"26":{"start":{"line":76,"column":8},"end":{"line":78,"column":9}},"27":{"start":{"line":77,"column":12},"end":{"line":77,"column":73}},"28":{"start":{"line":82,"column":25},"end":{"line":82,"column":26}},"29":{"start":{"line":83,"column":25},"end":{"line":98,"column":6}},"30":{"start":{"line":87,"column":8},"end":{"line":92,"column":9}},"31":{"start":{"line":88,"column":12},"end":{"line":88,"column":76}},"32":{"start":{"line":90,"column":12},"end":{"line":90,"column":84}},"33":{"start":{"line":91,"column":12},"end":{"line":91,"column":37}},"34":{"start":{"line":94,"column":8},"end":{"line":97,"column":10}},"35":{"start":{"line":100,"column":4},"end":{"line":100,"column":24}},"36":{"start":{"line":110,"column":29},"end":{"line":126,"column":1}},"37":{"start":{"line":111,"column":4},"end":{"line":113,"column":5}},"38":{"start":{"line":112,"column":8},"end":{"line":112,"column":57}},"39":{"start":{"line":115,"column":23},"end":{"line":115,"column":81}},"40":{"start":{"line":115,"column":59},"end":{"line":115,"column":77}},"41":{"start":{"line":116,"column":23},"end":{"line":116,"column":57}},"42":{"start":{"line":119,"column":4},"end":{"line":123,"column":5}},"43":{"start":{"line":120,"column":8},"end":{"line":122,"column":10}},"44":{"start":{"line":125,"column":4},"end":{"line":125,"column":16}},"45":{"start":{"line":128,"column":0},"end":{"line":132,"column":2}}},"fnMap":{"0":{"name":"(anonymous_0)","decl":{"start":{"line":12,"column":28},"end":{"line":12,"column":29}},"loc":{"start":{"line":12,"column":61},"end":{"line":44,"column":1}},"line":12},"1":{"name":"(anonymous_1)","decl":{"start":{"line":28,"column":44},"end":{"line":28,"column":45}},"loc":{"start":{"line":28,"column":63},"end":{"line":41,"column":5}},"line":28},"2":{"name":"(anonymous_2)","decl":{"start":{"line":52,"column":33},"end":{"line":52,"column":34}},"loc":{"start":{"line":52,"column":68},"end":{"line":101,"column":1}},"line":52},"3":{"name":"(anonymous_3)","decl":{"start":{"line":63,"column":8},"end":{"line":63,"column":9}},"loc":{"start":{"line":63,"column":24},"end":{"line":63,"column":46}},"line":63},"4":{"name":"(anonymous_4)","decl":{"start":{"line":75,"column":29},"end":{"line":75,"column":30}},"loc":{"start":{"line":75,"column":40},"end":{"line":79,"column":5}},"line":75},"5":{"name":"(anonymous_5)","decl":{"start":{"line":83,"column":46},"end":{"line":83,"column":47}},"loc":{"start":{"line":83,"column":64},"end":{"line":98,"column":5}},"line":83},"6":{"name":"(anonymous_6)","decl":{"start":{"line":110,"column":29},"end":{"line":110,"column":30}},"loc":{"start":{"line":110,"column":60},"end":{"line":126,"column":1}},"line":110},"7":{"name":"(anonymous_7)","decl":{"start":{"line":115,"column":43},"end":{"line":115,"column":44}},"loc":{"start":{"line":115,"column":59},"end":{"line":115,"column":77}},"line":115}},"branchMap":{"0":{"loc":{"start":{"line":13,"column":4},"end":{"line":15,"column":5}},"type":"if","locations":[{"start":{"line":13,"column":4},"end":{"line":15,"column":5}},{"start":{},"end":{}}],"line":13},"1":{"loc":{"start":{"line":13,"column":8},"end":{"line":13,"column":54}},"type":"binary-expr","locations":[{"start":{"line":13,"column":8},"end":{"line":13,"column":23}},{"start":{"line":13,"column":27},"end":{"line":13,"column":54}}],"line":13},"2":{"loc":{"start":{"line":17,"column":4},"end":{"line":19,"column":5}},"type":"if","locations":[{"start":{"line":17,"column":4},"end":{"line":19,"column":5}},{"start":{},"end":{}}],"line":17},"3":{"loc":{"start":{"line":32,"column":8},"end":{"line":35,"column":9}},"type":"if","locations":[{"start":{"line":32,"column":8},"end":{"line":35,"column":9}},{"start":{},"end":{}}],"line":32},"4":{"loc":{"start":{"line":53,"column":4},"end":{"line":55,"column":5}},"type":"if","locations":[{"start":{"line":53,"column":4},"end":{"line":55,"column":5}},{"start":{},"end":{}}],"line":53},"5":{"loc":{"start":{"line":53,"column":8},"end":{"line":53,"column":58}},"type":"binary-expr","locations":[{"start":{"line":53,"column":8},"end":{"line":53,"column":25}},{"start":{"line":53,"column":29},"end":{"line":53,"column":58}}],"line":53},"6":{"loc":{"start":{"line":57,"column":4},"end":{"line":59,"column":5}},"type":"if","locations":[{"start":{"line":57,"column":4},"end":{"line":59,"column":5}},{"start":{},"end":{}}],"line":57},"7":{"loc":{"start":{"line":68,"column":4},"end":{"line":72,"column":5}},"type":"if","locations":[{"start":{"line":68,"column":4},"end":{"line":72,"column":5}},{"start":{},"end":{}}],"line":68},"8":{"loc":{"start":{"line":76,"column":8},"end":{"line":78,"column":9}},"type":"if","locations":[{"start":{"line":76,"column":8},"end":{"line":78,"column":9}},{"start":{},"end":{}}],"line":76},"9":{"loc":{"start":{"line":76,"column":12},"end":{"line":76,"column":58}},"type":"binary-expr","locations":[{"start":{"line":76,"column":12},"end":{"line":76,"column":32}},{"start":{"line":76,"column":36},"end":{"line":76,"column":58}}],"line":76},"10":{"loc":{"start":{"line":87,"column":8},"end":{"line":92,"column":9}},"type":"if","locations":[{"start":{"line":87,"column":8},"end":{"line":92,"column":9}},{"start":{"line":89,"column":15},"end":{"line":92,"column":9}}],"line":87},"11":{"loc":{"start":{"line":111,"column":4},"end":{"line":113,"column":5}},"type":"if","locations":[{"start":{"line":111,"column":4},"end":{"line":113,"column":5}},{"start":{},"end":{}}],"line":111},"12":{"loc":{"start":{"line":111,"column":8},"end":{"line":111,"column":50}},"type":"binary-expr","locations":[{"start":{"line":111,"column":8},"end":{"line":111,"column":21}},{"start":{"line":111,"column":25},"end":{"line":111,"column":50}}],"line":111},"13":{"loc":{"start":{"line":119,"column":4},"end":{"line":123,"column":5}},"type":"if","locations":[{"start":{"line":119,"column":4},"end":{"line":123,"column":5}},{"start":{},"end":{}}],"line":119}},"s":{"0":1,"1":0,"2":0,"3":0,"4":0,"5":0,"6":0,"7":0,"8":0,"9":0,"10":0,"11":0,"12":0,"13":0,"14":0,"15":0,"16":1,"17":0,"18":0,"19":0,"20":0,"21":0,"22":0,"23":0,"24":0,"25":0,"26":0,"27":0,"28":0,"29":0,"30":0,"31":0,"32":0,"33":0,"34":0,"35":0,"36":1,"37":0,"38":0,"39":0,"40":0,"41":0,"42":0,"43":0,"44":0,"45":1},"f":{"0":0,"1":0,"2":0,"3":0,"4":0,"5":0,"6":0,"7":0},"b":{"0":[0,0],"1":[0,0],"2":[0,0],"3":[0,0],"4":[0,0],"5":[0,0],"6":[0,0],"7":[0,0],"8":[0,0],"9":[0,0],"10":[0,0],"11":[0,0],"12":[0,0],"13":[0,0]},"_coverageSchema":"1a1c01bbd47fc00a2c39e90264f33305004495a9","hash":"aff6f8c5a05ebddd24e5a6feb6238ace6f8bf7fd"}
,"/Users/praveensingh/Downloads/MERN_INTERVIEW/backend/src/utils/validation.js": {"path":"/Users/praveensingh/Downloads/MERN_INTERVIEW/backend/src/utils/validation.js","statementMap":{"0":{"start":{"line":1,"column":14},"end":{"line":1,"column":28}},"1":{"start":{"line":4,"column":21},"end":{"line":19,"column":2}},"2":{"start":{"line":22,"column":20},"end":{"line":31,"column":2}},"3":{"start":{"line":33,"column":0},"end":{"line":36,"column":2}}},"fnMap":{},"branchMap":{},"s":{"0":1,"1":1,"2":1,"3":1},"f":{},"b":{},"_coverageSchema":"1a1c01bbd47fc00a2c39e90264f33305004495a9","hash":"e8730693d1240efa2cbe6372822f190b266d1ac4"}
}
