TN:
SF:__tests__/utils/testDb.js
FN:9,(anonymous_0)
FN:19,(anonymous_1)
FN:30,(anonymous_2)
FNF:3
FNH:3
FNDA:1,(anonymous_0)
FNDA:8,(anonymous_1)
FNDA:1,(anonymous_2)
DA:1,1
DA:2,1
DA:9,1
DA:10,1
DA:11,1
DA:13,1
DA:19,1
DA:20,8
DA:22,8
DA:23,32
DA:30,1
DA:31,1
DA:32,1
DA:33,1
DA:36,1
LF:15
LH:15
BRF:0
BRH:0
end_of_record
TN:
SF:src/server.js
FN:27,(anonymous_0)
FN:35,(anonymous_1)
FN:48,(anonymous_2)
FNF:3
FNH:0
FNDA:0,(anonymous_0)
FNDA:0,(anonymous_1)
FNDA:0,(anonymous_2)
DA:1,1
DA:2,1
DA:3,1
DA:4,1
DA:5,1
DA:6,1
DA:8,1
DA:11,1
DA:12,0
DA:16,1
DA:17,1
DA:18,1
DA:21,1
DA:22,1
DA:23,1
DA:24,1
DA:27,1
DA:28,0
DA:35,1
DA:36,0
DA:43,1
DA:46,1
DA:47,0
DA:48,0
DA:49,0
DA:50,0
DA:55,1
LF:27
LH:20
BRDA:11,0,0,0
BRDA:11,0,1,1
BRDA:46,1,0,0
BRDA:46,1,1,1
BRDA:47,2,0,0
BRDA:47,2,1,0
BRDA:50,3,0,0
BRDA:50,3,1,0
BRF:8
BRH:2
end_of_record
TN:
SF:src/config/database.js
FN:6,(anonymous_0)
FNF:1
FNH:0
FNDA:0,(anonymous_0)
DA:1,1
DA:6,1
DA:7,0
DA:8,0
DA:10,0
DA:12,0
DA:13,0
DA:17,1
LF:8
LH:3
BRF:0
BRH:0
end_of_record
TN:
SF:src/config/razorpay.js
FNF:0
FNH:0
DA:1,1
DA:5,1
DA:10,1
LF:3
LH:3
BRDA:6,0,0,1
BRDA:6,0,1,1
BRDA:7,1,0,1
BRDA:7,1,1,1
BRF:4
BRH:4
end_of_record
TN:
SF:src/controllers/authController.js
FN:6,(anonymous_0)
FN:22,(anonymous_1)
FN:43,(anonymous_2)
FN:62,(anonymous_3)
FNF:4
FNH:1
FNDA:0,(anonymous_0)
FNDA:0,(anonymous_1)
FNDA:8,(anonymous_2)
FNDA:0,(anonymous_3)
DA:1,1
DA:6,1
DA:7,0
DA:8,0
DA:9,0
DA:15,0
DA:22,1
DA:23,0
DA:24,0
DA:25,0
DA:26,0
DA:31,0
DA:36,0
DA:43,1
DA:44,8
DA:45,8
DA:46,8
DA:48,8
DA:50,0
DA:55,8
DA:62,1
DA:63,0
DA:64,0
DA:65,0
DA:67,0
DA:69,0
DA:74,0
DA:78,1
LF:28
LH:11
BRDA:25,0,0,0
BRDA:25,0,1,0
BRF:2
BRH:0
end_of_record
TN:
SF:src/controllers/expenseController.js
FN:8,(anonymous_0)
FN:26,(anonymous_1)
FN:45,(anonymous_2)
FN:62,(anonymous_3)
FN:83,(anonymous_4)
FN:100,(anonymous_5)
FNF:6
FNH:0
FNDA:0,(anonymous_0)
FNDA:0,(anonymous_1)
FNDA:0,(anonymous_2)
FNDA:0,(anonymous_3)
FNDA:0,(anonymous_4)
FNDA:0,(anonymous_5)
DA:1,1
DA:9,0
DA:10,0
DA:12,0
DA:18,0
DA:27,0
DA:28,0
DA:29,0
DA:31,0
DA:37,0
DA:46,0
DA:47,0
DA:49,0
DA:54,0
DA:63,0
DA:64,0
DA:69,0
DA:75,0
DA:84,0
DA:85,0
DA:87,0
DA:92,0
DA:101,0
DA:102,0
DA:103,0
DA:105,0
DA:110,0
DA:115,1
LF:28
LH:2
BRF:0
BRH:0
end_of_record
TN:
SF:src/controllers/subscriptionController.js
FN:6,(anonymous_0)
FN:22,(anonymous_1)
FN:48,(anonymous_2)
FN:74,(anonymous_3)
FN:90,(anonymous_4)
FN:107,(anonymous_5)
FNF:6
FNH:0
FNDA:0,(anonymous_0)
FNDA:0,(anonymous_1)
FNDA:0,(anonymous_2)
FNDA:0,(anonymous_3)
FNDA:0,(anonymous_4)
FNDA:0,(anonymous_5)
DA:1,1
DA:6,1
DA:7,0
DA:8,0
DA:10,0
DA:15,0
DA:22,1
DA:23,0
DA:24,0
DA:26,0
DA:27,0
DA:33,0
DA:35,0
DA:41,0
DA:48,1
DA:49,0
DA:50,0
DA:51,0
DA:53,0
DA:54,0
DA:60,0
DA:62,0
DA:67,0
DA:74,1
DA:75,0
DA:76,0
DA:78,0
DA:83,0
DA:90,1
DA:91,0
DA:92,0
DA:94,0
DA:100,0
DA:107,1
DA:108,0
DA:109,0
DA:111,0
DA:112,0
DA:118,0
DA:120,0
DA:126,0
DA:130,1
LF:42
LH:8
BRDA:26,0,0,0
BRDA:26,0,1,0
BRDA:53,1,0,0
BRDA:53,1,1,0
BRDA:111,2,0,0
BRDA:111,2,1,0
BRF:6
BRH:0
end_of_record
TN:
SF:src/middlewares/auth.js
FN:7,(anonymous_0)
FNF:1
FNH:0
FNDA:0,(anonymous_0)
DA:1,1
DA:7,1
DA:8,0
DA:10,0
DA:12,0
DA:13,0
DA:20,0
DA:22,0
DA:23,0
DA:30,0
DA:33,0
DA:38,0
DA:40,0
DA:47,1
LF:14
LH:3
BRDA:12,0,0,0
BRDA:12,0,1,0
BRDA:12,1,0,0
BRDA:12,1,1,0
BRDA:22,2,0,0
BRDA:22,2,1,0
BRDA:42,3,0,0
BRDA:42,3,1,0
BRF:8
BRH:0
end_of_record
TN:
SF:src/middlewares/errorHandler.js
FN:5,(anonymous_0)
FN:10,(anonymous_1)
FNF:2
FNH:2
FNDA:8,(anonymous_0)
FNDA:24,(anonymous_1)
DA:5,1
DA:6,8
DA:9,8
DA:10,24
DA:15,8
DA:23,0
DA:24,0
DA:25,0
DA:32,0
DA:33,0
DA:40,0
DA:41,0
DA:47,0
DA:48,0
DA:55,0
DA:56,0
DA:58,0
DA:65,1
LF:18
LH:6
BRDA:9,0,0,8
BRDA:9,0,1,0
BRDA:23,1,0,0
BRDA:23,1,1,0
BRDA:32,2,0,0
BRDA:32,2,1,0
BRDA:40,3,0,0
BRDA:40,3,1,0
BRDA:47,4,0,0
BRDA:47,4,1,0
BRDA:55,5,0,0
BRDA:55,5,1,0
BRDA:56,6,0,0
BRDA:56,6,1,0
BRDA:61,7,0,0
BRDA:61,7,1,0
BRF:16
BRH:1
end_of_record
TN:
SF:src/middlewares/validate.js
FN:6,(anonymous_0)
FN:7,(anonymous_1)
FN:19,(anonymous_2)
FNF:3
FNH:2
FNDA:4,(anonymous_0)
FNDA:8,(anonymous_1)
FNDA:0,(anonymous_2)
DA:6,1
DA:7,4
DA:8,8
DA:10,8
DA:13,8
DA:15,8
DA:18,0
DA:19,0
DA:24,0
DA:32,0
DA:40,1
LF:11
LH:7
BRDA:18,0,0,0
BRDA:18,0,1,0
BRF:2
BRH:0
end_of_record
TN:
SF:src/middlewares/validateQuery.js
FN:7,(anonymous_0)
FN:8,(anonymous_1)
FN:20,(anonymous_2)
FNF:3
FNH:1
FNDA:2,(anonymous_0)
FNDA:0,(anonymous_1)
FNDA:0,(anonymous_2)
DA:7,1
DA:8,2
DA:9,0
DA:11,0
DA:14,0
DA:16,0
DA:19,0
DA:20,0
DA:25,0
DA:33,0
DA:41,1
LF:11
LH:3
BRDA:19,0,0,0
BRDA:19,0,1,0
BRF:2
BRH:0
end_of_record
TN:
SF:src/models/Expense.js
FN:17,(anonymous_0)
FN:38,(anonymous_1)
FN:70,(anonymous_2)
FN:96,(anonymous_3)
FN:98,(anonymous_4)
FN:109,(anonymous_5)
FN:110,(anonymous_6)
FN:111,(anonymous_7)
FN:113,(anonymous_8)
FN:122,(anonymous_9)
FN:134,(anonymous_10)
FN:136,(anonymous_11)
FN:154,(anonymous_12)
FNF:13
FNH:0
FNDA:0,(anonymous_0)
FNDA:0,(anonymous_1)
FNDA:0,(anonymous_2)
FNDA:0,(anonymous_3)
FNDA:0,(anonymous_4)
FNDA:0,(anonymous_5)
FNDA:0,(anonymous_6)
FNDA:0,(anonymous_7)
FNDA:0,(anonymous_8)
FNDA:0,(anonymous_9)
FNDA:0,(anonymous_10)
FNDA:0,(anonymous_11)
FNDA:0,(anonymous_12)
DA:1,1
DA:3,1
DA:19,0
DA:39,0
DA:71,0
DA:91,1
DA:92,1
DA:93,1
DA:96,1
DA:97,0
DA:98,0
DA:101,0
DA:102,0
DA:105,0
DA:109,1
DA:110,0
DA:111,0
DA:113,0
DA:114,0
DA:117,0
DA:118,0
DA:122,0
DA:123,0
DA:126,0
DA:127,0
DA:130,0
DA:134,1
DA:135,0
DA:136,0
DA:141,0
DA:142,0
DA:143,0
DA:150,0
DA:154,1
DA:156,0
DA:157,0
DA:160,1
LF:37
LH:10
BRDA:39,0,0,0
BRDA:39,0,1,0
BRDA:71,1,0,0
BRDA:71,1,1,0
BRDA:101,2,0,0
BRDA:101,2,1,0
BRDA:117,3,0,0
BRDA:117,3,1,0
BRDA:126,4,0,0
BRDA:126,4,1,0
BRDA:142,5,0,0
BRDA:142,5,1,0
BRF:12
BRH:0
end_of_record
TN:
SF:src/models/Subscription.js
FN:60,(anonymous_0)
FN:69,(anonymous_1)
FNF:2
FNH:0
FNDA:0,(anonymous_0)
FNDA:0,(anonymous_1)
DA:1,1
DA:3,1
DA:56,1
DA:57,1
DA:60,1
DA:61,0
DA:62,0
DA:63,0
DA:65,0
DA:69,1
DA:70,0
DA:73,1
LF:12
LH:7
BRDA:61,0,0,0
BRDA:61,0,1,0
BRDA:62,1,0,0
BRDA:62,1,1,0
BRDA:62,2,0,0
BRDA:62,2,1,0
BRDA:70,3,0,0
BRDA:70,3,1,0
BRF:8
BRH:0
end_of_record
TN:
SF:src/models/User.js
FN:46,(anonymous_0)
FN:52,(anonymous_1)
FN:68,(anonymous_2)
FN:77,(anonymous_3)
FNF:4
FNH:0
FNDA:0,(anonymous_0)
FNDA:0,(anonymous_1)
FNDA:0,(anonymous_2)
FNDA:0,(anonymous_3)
DA:1,1
DA:2,1
DA:4,1
DA:46,1
DA:47,0
DA:48,0
DA:52,1
DA:54,0
DA:55,0
DA:58,0
DA:59,0
DA:60,0
DA:61,0
DA:63,0
DA:68,1
DA:69,0
DA:70,0
DA:72,0
DA:77,1
DA:78,0
DA:79,0
DA:80,0
DA:83,1
LF:23
LH:8
BRDA:47,0,0,0
BRDA:47,0,1,0
BRDA:48,1,0,0
BRDA:48,1,1,0
BRDA:54,2,0,0
BRDA:54,2,1,0
BRF:6
BRH:0
end_of_record
TN:
SF:src/models/WebhookEvent.js
FNF:0
FNH:0
DA:1,1
DA:3,1
DA:40,1
DA:42,1
LF:4
LH:4
BRF:0
BRH:0
end_of_record
TN:
SF:src/routes/authRoutes.js
FNF:0
FNH:0
DA:1,1
DA:2,1
DA:3,1
DA:4,1
DA:5,1
DA:7,1
DA:14,1
DA:25,1
DA:36,1
DA:47,1
DA:53,1
LF:11
LH:11
BRF:0
BRH:0
end_of_record
TN:
SF:src/routes/balanceRoutes.js
FNF:0
FNH:0
DA:1,1
DA:2,1
DA:3,1
DA:4,1
DA:5,1
DA:7,1
DA:10,1
DA:17,1
DA:23,1
LF:9
LH:9
BRF:0
BRH:0
end_of_record
TN:
SF:src/routes/expenseRoutes.js
FNF:0
FNH:0
DA:1,1
DA:2,1
DA:3,1
DA:4,1
DA:5,1
DA:11,1
DA:13,1
DA:16,1
DA:23,1
DA:34,1
DA:45,1
DA:55,1
DA:66,1
DA:71,1
LF:14
LH:14
BRF:0
BRH:0
end_of_record
TN:
SF:src/routes/subscriptionRoutes.js
FNF:0
FNH:0
DA:1,1
DA:2,1
DA:3,1
DA:5,1
DA:12,1
DA:19,1
DA:26,1
DA:33,1
DA:40,1
DA:47,1
DA:49,1
LF:11
LH:11
BRF:0
BRH:0
end_of_record
TN:
SF:src/services/authService.js
FN:10,(anonymous_0)
FN:21,(anonymous_1)
FN:34,(anonymous_2)
FN:71,(anonymous_3)
FN:107,(anonymous_4)
FNF:5
FNH:1
FNDA:0,(anonymous_0)
FNDA:0,(anonymous_1)
FNDA:8,(anonymous_2)
FNDA:0,(anonymous_3)
FNDA:0,(anonymous_4)
DA:1,1
DA:2,1
DA:11,0
DA:22,0
DA:23,0
DA:25,0
DA:35,8
DA:38,8
DA:39,8
DA:40,0
DA:44,8
DA:51,0
DA:56,0
DA:72,0
DA:75,0
DA:76,0
DA:77,0
DA:81,0
DA:82,0
DA:83,0
DA:87,0
DA:92,0
DA:108,0
DA:109,0
DA:110,0
DA:113,0
DA:121,1
LF:27
LH:7
BRDA:12,0,0,0
BRDA:12,0,1,0
BRDA:39,1,0,0
BRDA:39,1,1,8
BRDA:76,2,0,0
BRDA:76,2,1,0
BRDA:82,3,0,0
BRDA:82,3,1,0
BRDA:109,4,0,0
BRDA:109,4,1,0
BRF:10
BRH:1
end_of_record
TN:
SF:src/services/expenseService.js
FN:25,(anonymous_0)
FN:92,(anonymous_1)
FN:128,(anonymous_2)
FN:147,(anonymous_3)
FN:212,(anonymous_4)
FN:229,(anonymous_5)
FNF:6
FNH:0
FNDA:0,(anonymous_0)
FNDA:0,(anonymous_1)
FNDA:0,(anonymous_2)
FNDA:0,(anonymous_3)
FNDA:0,(anonymous_4)
FNDA:0,(anonymous_5)
DA:1,1
DA:2,1
DA:7,1
DA:11,1
DA:34,0
DA:37,0
DA:38,0
DA:39,0
DA:43,0
DA:44,0
DA:45,0
DA:51,0
DA:52,0
DA:53,0
DA:54,0
DA:55,0
DA:57,0
DA:59,0
DA:63,0
DA:66,0
DA:77,0
DA:78,0
DA:79,0
DA:81,0
DA:93,0
DA:96,0
DA:97,0
DA:104,0
DA:105,0
DA:106,0
DA:107,0
DA:109,0
DA:110,0
DA:114,0
DA:120,0
DA:129,0
DA:134,0
DA:135,0
DA:138,0
DA:148,0
DA:149,0
DA:150,0
DA:160,0
DA:163,0
DA:164,0
DA:167,0
DA:168,0
DA:169,0
DA:170,0
DA:173,0
DA:174,0
DA:175,0
DA:176,0
DA:182,0
DA:183,0
DA:184,0
DA:185,0
DA:186,0
DA:188,0
DA:191,0
DA:192,0
DA:193,0
DA:194,0
DA:197,0
DA:200,0
DA:201,0
DA:202,0
DA:204,0
DA:213,0
DA:214,0
DA:215,0
DA:218,0
DA:219,0
DA:221,0
DA:231,0
DA:237,0
DA:239,0
DA:241,0
DA:242,0
DA:245,0
DA:246,0
DA:251,1
LF:82
LH:5
BRDA:38,0,0,0
BRDA:38,0,1,0
BRDA:44,1,0,0
BRDA:44,1,1,0
BRDA:51,2,0,0
BRDA:51,2,1,0
BRDA:53,3,0,0
BRDA:53,3,1,0
BRDA:54,4,0,0
BRDA:54,4,1,0
BRDA:54,5,0,0
BRDA:54,5,1,0
BRDA:73,6,0,0
BRDA:73,6,1,0
BRDA:92,7,0,0
BRDA:96,8,0,0
BRDA:96,8,1,0
BRDA:104,9,0,0
BRDA:104,9,1,0
BRDA:104,10,0,0
BRDA:104,10,1,0
BRDA:106,11,0,0
BRDA:106,11,1,0
BRDA:109,12,0,0
BRDA:109,12,1,0
BRDA:134,13,0,0
BRDA:134,13,1,0
BRDA:149,14,0,0
BRDA:149,14,1,0
BRDA:163,15,0,0
BRDA:163,15,1,0
BRDA:164,16,0,0
BRDA:164,16,1,0
BRDA:167,17,0,0
BRDA:167,17,1,0
BRDA:167,18,0,0
BRDA:167,18,1,0
BRDA:167,18,2,0
BRDA:168,19,0,0
BRDA:168,19,1,0
BRDA:169,20,0,0
BRDA:169,20,1,0
BRDA:170,21,0,0
BRDA:170,21,1,0
BRDA:173,22,0,0
BRDA:173,22,1,0
BRDA:175,23,0,0
BRDA:175,23,1,0
BRDA:182,24,0,0
BRDA:182,24,1,0
BRDA:184,25,0,0
BRDA:184,25,1,0
BRDA:185,26,0,0
BRDA:185,26,1,0
BRDA:185,27,0,0
BRDA:185,27,1,0
BRDA:214,28,0,0
BRDA:214,28,1,0
BRDA:229,29,0,0
BRDA:231,30,0,0
BRDA:231,30,1,0
BRDA:239,31,0,0
BRDA:239,31,1,0
BRF:63
BRH:0
end_of_record
TN:
SF:src/services/subscriptionService.js
FN:55,(anonymous_0)
FN:62,(anonymous_1)
FN:141,(anonymous_2)
FN:208,(anonymous_3)
FN:220,(anonymous_4)
FN:246,(anonymous_5)
FN:273,(anonymous_6)
FN:298,(anonymous_7)
FN:321,(anonymous_8)
FN:339,(anonymous_9)
FN:373,(anonymous_10)
FN:416,(anonymous_11)
FNF:12
FNH:0
FNDA:0,(anonymous_0)
FNDA:0,(anonymous_1)
FNDA:0,(anonymous_2)
FNDA:0,(anonymous_3)
FNDA:0,(anonymous_4)
FNDA:0,(anonymous_5)
FNDA:0,(anonymous_6)
FNDA:0,(anonymous_7)
FNDA:0,(anonymous_8)
FNDA:0,(anonymous_9)
FNDA:0,(anonymous_10)
FNDA:0,(anonymous_11)
DA:1,1
DA:2,1
DA:3,1
DA:4,1
DA:5,1
DA:8,1
DA:56,0
DA:64,0
DA:65,0
DA:66,0
DA:69,0
DA:70,0
DA:74,0
DA:79,0
DA:80,0
DA:84,0
DA:87,0
DA:88,0
DA:92,0
DA:94,0
DA:99,0
DA:100,0
DA:110,0
DA:114,0
DA:127,0
DA:131,0
DA:143,0
DA:144,0
DA:145,0
DA:148,0
DA:149,0
DA:152,0
DA:153,0
DA:154,0
DA:158,0
DA:160,0
DA:162,0
DA:163,0
DA:165,0
DA:166,0
DA:168,0
DA:169,0
DA:171,0
DA:172,0
DA:174,0
DA:175,0
DA:177,0
DA:181,0
DA:189,0
DA:192,0
DA:201,0
DA:209,0
DA:214,0
DA:221,0
DA:225,0
DA:226,0
DA:230,0
DA:231,0
DA:232,0
DA:233,0
DA:236,0
DA:240,0
DA:247,0
DA:251,0
DA:252,0
DA:256,0
DA:265,0
DA:267,0
DA:274,0
DA:278,0
DA:279,0
DA:282,0
DA:283,0
DA:284,0
DA:285,0
DA:288,0
DA:292,0
DA:299,0
DA:303,0
DA:304,0
DA:307,0
DA:308,0
DA:311,0
DA:315,0
DA:322,0
DA:326,0
DA:327,0
DA:330,0
DA:331,0
DA:333,0
DA:340,0
DA:345,0
DA:346,0
DA:350,0
DA:351,0
DA:353,0
DA:357,0
DA:358,0
DA:359,0
DA:360,0
DA:363,0
DA:367,0
DA:374,0
DA:376,0
DA:377,0
DA:384,0
DA:387,0
DA:388,0
DA:389,0
DA:391,0
DA:395,0
DA:403,0
DA:417,0
DA:418,0
DA:419,0
DA:423,0
DA:428,0
DA:429,0
DA:433,0
DA:437,1
LF:120
LH:7
BRDA:65,0,0,0
BRDA:65,0,1,0
BRDA:69,1,0,0
BRDA:69,1,1,0
BRDA:79,2,0,0
BRDA:79,2,1,0
BRDA:144,3,0,0
BRDA:144,3,1,0
BRDA:149,4,0,0
BRDA:149,4,1,0
BRDA:153,5,0,0
BRDA:153,5,1,0
BRDA:160,6,0,0
BRDA:160,6,1,0
BRDA:160,6,2,0
BRDA:160,6,3,0
BRDA:160,6,4,0
BRDA:160,6,5,0
BRDA:225,7,0,0
BRDA:225,7,1,0
BRDA:251,8,0,0
BRDA:251,8,1,0
BRDA:278,9,0,0
BRDA:278,9,1,0
BRDA:303,10,0,0
BRDA:303,10,1,0
BRDA:326,11,0,0
BRDA:326,11,1,0
BRDA:345,12,0,0
BRDA:345,12,1,0
BRDA:376,13,0,0
BRDA:376,13,1,0
BRDA:387,14,0,0
BRDA:387,14,1,0
BRDA:409,15,0,0
BRDA:409,15,1,0
BRDA:418,16,0,0
BRDA:418,16,1,0
BRDA:418,17,0,0
BRDA:418,17,1,0
BRDA:428,18,0,0
BRDA:428,18,1,0
BRF:42
BRH:0
end_of_record
TN:
SF:src/utils/expenseValidation.js
FN:14,(anonymous_0)
FN:25,(anonymous_1)
FN:57,(anonymous_2)
FN:67,(anonymous_3)
FNF:4
FNH:0
FNDA:0,(anonymous_0)
FNDA:0,(anonymous_1)
FNDA:0,(anonymous_2)
FNDA:0,(anonymous_3)
DA:1,1
DA:4,1
DA:14,0
DA:25,0
DA:46,1
DA:57,0
DA:67,0
DA:89,1
DA:105,1
DA:112,1
LF:10
LH:6
BRF:0
BRH:0
end_of_record
TN:
SF:src/utils/settlementOptimizer.js
FN:12,(anonymous_0)
FN:15,(anonymous_1)
FN:28,(anonymous_2)
FN:47,(anonymous_3)
FN:52,(anonymous_4)
FN:66,(anonymous_5)
FN:67,(anonymous_6)
FN:111,(anonymous_7)
FN:134,(anonymous_8)
FN:138,(anonymous_9)
FN:139,(anonymous_10)
FNF:11
FNH:0
FNDA:0,(anonymous_0)
FNDA:0,(anonymous_1)
FNDA:0,(anonymous_2)
FNDA:0,(anonymous_3)
FNDA:0,(anonymous_4)
FNDA:0,(anonymous_5)
FNDA:0,(anonymous_6)
FNDA:0,(anonymous_7)
FNDA:0,(anonymous_8)
FNDA:0,(anonymous_9)
FNDA:0,(anonymous_10)
DA:12,1
DA:13,0
DA:15,0
DA:16,0
DA:17,0
DA:20,0
DA:21,0
DA:25,0
DA:28,0
DA:29,0
DA:31,0
DA:32,0
DA:35,0
DA:39,0
DA:47,1
DA:49,0
DA:50,0
DA:52,0
DA:54,0
DA:56,0
DA:58,0
DA:59,0
DA:61,0
DA:66,0
DA:67,0
DA:69,0
DA:70,0
DA:71,0
DA:74,0
DA:75,0
DA:76,0
DA:79,0
DA:80,0
DA:82,0
DA:83,0
DA:91,0
DA:92,0
DA:95,0
DA:96,0
DA:98,0
DA:99,0
DA:103,0
DA:111,1
DA:112,0
DA:113,0
DA:119,0
DA:120,0
DA:122,0
DA:134,1
DA:135,0
DA:137,0
DA:138,0
DA:139,0
DA:141,0
DA:148,1
LF:55
LH:5
BRDA:20,0,0,0
BRDA:20,0,1,0
BRDA:31,1,0,0
BRDA:31,1,1,0
BRDA:56,2,0,0
BRDA:56,2,1,0
BRDA:59,3,0,0
BRDA:59,3,1,0
BRDA:74,4,0,0
BRDA:74,4,1,0
BRDA:82,5,0,0
BRDA:82,5,1,0
BRDA:95,6,0,0
BRDA:95,6,1,0
BRDA:98,7,0,0
BRDA:98,7,1,0
BRDA:112,8,0,0
BRDA:112,8,1,0
BRDA:112,9,0,0
BRDA:112,9,1,0
BRDA:137,10,0,0
BRDA:137,10,1,0
BRF:22
BRH:0
end_of_record
TN:
SF:src/utils/splitCalculator.js
FN:12,(anonymous_0)
FN:28,(anonymous_1)
FN:52,(anonymous_2)
FN:63,(anonymous_3)
FN:75,(anonymous_4)
FN:83,(anonymous_5)
FN:110,(anonymous_6)
FN:115,(anonymous_7)
FNF:8
FNH:0
FNDA:0,(anonymous_0)
FNDA:0,(anonymous_1)
FNDA:0,(anonymous_2)
FNDA:0,(anonymous_3)
FNDA:0,(anonymous_4)
FNDA:0,(anonymous_5)
FNDA:0,(anonymous_6)
FNDA:0,(anonymous_7)
DA:12,1
DA:13,0
DA:14,0
DA:17,0
DA:18,0
DA:21,0
DA:22,0
DA:25,0
DA:26,0
DA:28,0
DA:29,0
DA:32,0
DA:33,0
DA:34,0
DA:37,0
DA:43,0
DA:52,1
DA:53,0
DA:54,0
DA:57,0
DA:58,0
DA:62,0
DA:63,0
DA:68,0
DA:69,0
DA:75,0
DA:76,0
DA:77,0
DA:82,0
DA:83,0
DA:87,0
DA:88,0
DA:90,0
DA:91,0
DA:94,0
DA:100,0
DA:110,1
DA:111,0
DA:112,0
DA:115,0
DA:116,0
DA:119,0
DA:120,0
DA:125,0
DA:128,1
LF:45
LH:4
BRDA:13,0,0,0
BRDA:13,0,1,0
BRDA:13,1,0,0
BRDA:13,1,1,0
BRDA:17,2,0,0
BRDA:17,2,1,0
BRDA:32,3,0,0
BRDA:32,3,1,0
BRDA:53,4,0,0
BRDA:53,4,1,0
BRDA:53,5,0,0
BRDA:53,5,1,0
BRDA:57,6,0,0
BRDA:57,6,1,0
BRDA:68,7,0,0
BRDA:68,7,1,0
BRDA:76,8,0,0
BRDA:76,8,1,0
BRDA:76,9,0,0
BRDA:76,9,1,0
BRDA:87,10,0,0
BRDA:87,10,1,0
BRDA:111,11,0,0
BRDA:111,11,1,0
BRDA:111,12,0,0
BRDA:111,12,1,0
BRDA:119,13,0,0
BRDA:119,13,1,0
BRF:28
BRH:0
end_of_record
TN:
SF:src/utils/validation.js
FNF:0
FNH:0
DA:1,1
DA:4,1
DA:22,1
DA:33,1
LF:4
LH:4
BRF:0
BRH:0
end_of_record
